[1.162s] Invoking command in '/home/minhquang/ros2_panda/src/panda_vision': DEBUGINFOD_URLS=https://debuginfod.ubuntu.com PYTHONPATH=/home/minhquang/ros2_panda/build/panda_vision/prefix_override:/usr/lib/python3/dist-packages/colcon_core/task/python/colcon_distutils_commands:/home/minhquang/ros2_panda/install/panda_vision/lib/python3.12/site-packages:${PYTHONPATH} /usr/bin/python3 -W ignore:setup.py install is deprecated -W ignore:easy_install command is deprecated setup.py egg_info --egg-base ../../build/panda_vision build --build-base /home/minhquang/ros2_panda/build/panda_vision/build install --record /home/minhquang/ros2_panda/build/panda_vision/install.log --single-version-externally-managed install_data
[1.523s] running egg_info
[1.523s] creating ../../build/panda_vision/panda_vision.egg-info
[1.547s] writing ../../build/panda_vision/panda_vision.egg-info/PKG-INFO
[1.548s] writing dependency_links to ../../build/panda_vision/panda_vision.egg-info/dependency_links.txt
[1.548s] writing entry points to ../../build/panda_vision/panda_vision.egg-info/entry_points.txt
[1.548s] writing requirements to ../../build/panda_vision/panda_vision.egg-info/requires.txt
[1.548s] writing top-level names to ../../build/panda_vision/panda_vision.egg-info/top_level.txt
[1.548s] writing manifest file '../../build/panda_vision/panda_vision.egg-info/SOURCES.txt'
[1.600s] reading manifest file '../../build/panda_vision/panda_vision.egg-info/SOURCES.txt'
[1.601s] writing manifest file '../../build/panda_vision/panda_vision.egg-info/SOURCES.txt'
[1.601s] running build
[1.601s] running build_py
[1.602s] creating /home/minhquang/ros2_panda/build/panda_vision/build
[1.602s] creating /home/minhquang/ros2_panda/build/panda_vision/build/lib
[1.602s] creating /home/minhquang/ros2_panda/build/panda_vision/build/lib/panda_vision
[1.602s] copying panda_vision/color_detector.py -> /home/minhquang/ros2_panda/build/panda_vision/build/lib/panda_vision
[1.602s] copying panda_vision/__init__.py -> /home/minhquang/ros2_panda/build/panda_vision/build/lib/panda_vision
[1.603s] running install
[1.611s] running install_lib
[1.636s] creating /home/minhquang/ros2_panda/install/panda_vision/lib/python3.12/site-packages/panda_vision
[1.636s] copying /home/minhquang/ros2_panda/build/panda_vision/build/lib/panda_vision/color_detector.py -> /home/minhquang/ros2_panda/install/panda_vision/lib/python3.12/site-packages/panda_vision
[1.636s] copying /home/minhquang/ros2_panda/build/panda_vision/build/lib/panda_vision/__init__.py -> /home/minhquang/ros2_panda/install/panda_vision/lib/python3.12/site-packages/panda_vision
[1.637s] byte-compiling /home/minhquang/ros2_panda/install/panda_vision/lib/python3.12/site-packages/panda_vision/color_detector.py to color_detector.cpython-312.pyc
[1.638s] byte-compiling /home/minhquang/ros2_panda/install/panda_vision/lib/python3.12/site-packages/panda_vision/__init__.py to __init__.cpython-312.pyc
[1.639s] running install_data
[1.639s] creating /home/minhquang/ros2_panda/install/panda_vision/share/ament_index
[1.639s] creating /home/minhquang/ros2_panda/install/panda_vision/share/ament_index/resource_index
[1.639s] creating /home/minhquang/ros2_panda/install/panda_vision/share/ament_index/resource_index/packages
[1.639s] copying resource/panda_vision -> /home/minhquang/ros2_panda/install/panda_vision/share/ament_index/resource_index/packages
[1.640s] copying package.xml -> /home/minhquang/ros2_panda/install/panda_vision/share/panda_vision
[1.640s] running install_egg_info
[1.667s] Copying ../../build/panda_vision/panda_vision.egg-info to /home/minhquang/ros2_panda/install/panda_vision/lib/python3.12/site-packages/panda_vision-0.0.0-py3.12.egg-info
[1.668s] running install_scripts
[1.830s] Installing color_detector script to /home/minhquang/ros2_panda/install/panda_vision/lib/panda_vision
[1.831s] writing list of installed files to '/home/minhquang/ros2_panda/build/panda_vision/install.log'
[1.887s] Invoked command in '/home/minhquang/ros2_panda/src/panda_vision' returned '0': DEBUGINFOD_URLS=https://debuginfod.ubuntu.com PYTHONPATH=/home/minhquang/ros2_panda/build/panda_vision/prefix_override:/usr/lib/python3/dist-packages/colcon_core/task/python/colcon_distutils_commands:/home/minhquang/ros2_panda/install/panda_vision/lib/python3.12/site-packages:${PYTHONPATH} /usr/bin/python3 -W ignore:setup.py install is deprecated -W ignore:easy_install command is deprecated setup.py egg_info --egg-base ../../build/panda_vision build --build-base /home/minhquang/ros2_panda/build/panda_vision/build install --record /home/minhquang/ros2_panda/build/panda_vision/install.log --single-version-externally-managed install_data
