[0.017s] Invoking command in '/home/minhquang/ros2_panda/build/panda_description': CMAKE_PREFIX_PATH=${CMAKE_PREFIX_PATH}:/opt/ros/jazzy DEBUGINFOD_URLS=https://debuginfod.ubuntu.com /usr/bin/cmake /home/minhquang/ros2_panda/src/panda_description -DCMAKE_INSTALL_PREFIX=/home/minhquang/ros2_panda/install/panda_description
[0.258s] -- The C compiler identification is GNU 13.3.0
[0.259s] -- The CXX compiler identification is GNU 13.3.0
[0.259s] -- Detecting C compiler ABI info
[0.259s] -- Detecting C compiler ABI info - done
[0.259s] -- Check for working C compiler: /usr/bin/cc - skipped
[0.260s] -- Detecting C compile features
[0.260s] -- Detecting C compile features - done
[0.263s] -- Detecting CXX compiler ABI info
[0.371s] -- Detecting CXX compiler ABI info - done
[0.390s] -- Check for working CXX compiler: /usr/bin/c++ - skipped
[0.391s] -- Detecting CXX compile features
[0.391s] -- Detecting CXX compile features - done
[0.398s] -- Found ament_cmake: 2.5.4 (/opt/ros/jazzy/share/ament_cmake/cmake)
[0.571s] -- Found Python3: /usr/bin/python3 (found version "3.12.3") found components: Interpreter 
[0.715s] -- Found ament_lint_auto: 0.17.3 (/opt/ros/jazzy/share/ament_lint_auto/cmake)
[0.853s] -- Added test 'flake8' to check Python code syntax and style conventions
[0.853s] -- Configured 'flake8' exclude dirs and/or files: 
[0.855s] -- Added test 'lint_cmake' to check CMake code style
[0.856s] -- Added test 'pep257' to check Python code against some of the docstring style conventions in PEP 257
[0.860s] -- Added test 'xmllint' to check XML markup files
[0.862s] -- Configuring done (0.8s)
[0.865s] -- Generating done (0.0s)
[0.867s] -- Build files have been written to: /home/minhquang/ros2_panda/build/panda_description
[0.873s] Invoked command in '/home/minhquang/ros2_panda/build/panda_description' returned '0': CMAKE_PREFIX_PATH=${CMAKE_PREFIX_PATH}:/opt/ros/jazzy DEBUGINFOD_URLS=https://debuginfod.ubuntu.com /usr/bin/cmake /home/minhquang/ros2_panda/src/panda_description -DCMAKE_INSTALL_PREFIX=/home/minhquang/ros2_panda/install/panda_description
[0.874s] Invoking command in '/home/minhquang/ros2_panda/build/panda_description': CMAKE_PREFIX_PATH=${CMAKE_PREFIX_PATH}:/opt/ros/jazzy DEBUGINFOD_URLS=https://debuginfod.ubuntu.com /usr/bin/cmake --build /home/minhquang/ros2_panda/build/panda_description -- -j8 -l8
[0.916s] Invoked command in '/home/minhquang/ros2_panda/build/panda_description' returned '0': CMAKE_PREFIX_PATH=${CMAKE_PREFIX_PATH}:/opt/ros/jazzy DEBUGINFOD_URLS=https://debuginfod.ubuntu.com /usr/bin/cmake --build /home/minhquang/ros2_panda/build/panda_description -- -j8 -l8
[0.926s] Invoking command in '/home/minhquang/ros2_panda/build/panda_description': CMAKE_PREFIX_PATH=${CMAKE_PREFIX_PATH}:/opt/ros/jazzy DEBUGINFOD_URLS=https://debuginfod.ubuntu.com /usr/bin/cmake --install /home/minhquang/ros2_panda/build/panda_description
[0.934s] -- Install configuration: ""
[0.935s] -- Installing: /home/minhquang/ros2_panda/install/panda_description/share/panda_description/launch
[0.935s] -- Installing: /home/minhquang/ros2_panda/install/panda_description/share/panda_description/launch/gazebo.launch.py
[0.935s] -- Installing: /home/minhquang/ros2_panda/install/panda_description/share/panda_description/launch/display.launch.py
[0.935s] -- Installing: /home/minhquang/ros2_panda/install/panda_description/share/panda_description/meshes
[0.935s] -- Installing: /home/minhquang/ros2_panda/install/panda_description/share/panda_description/meshes/collision
[0.935s] -- Installing: /home/minhquang/ros2_panda/install/panda_description/share/panda_description/meshes/collision/link6.obj
[0.939s] -- Installing: /home/minhquang/ros2_panda/install/panda_description/share/panda_description/meshes/collision/hand.obj
[0.939s] -- Installing: /home/minhquang/ros2_panda/install/panda_description/share/panda_description/meshes/collision/link3.obj
[0.939s] -- Installing: /home/minhquang/ros2_panda/install/panda_description/share/panda_description/meshes/collision/link1.obj
[0.939s] -- Installing: /home/minhquang/ros2_panda/install/panda_description/share/panda_description/meshes/collision/link0.obj
[0.939s] -- Installing: /home/minhquang/ros2_panda/install/panda_description/share/panda_description/meshes/collision/link4.obj
[0.939s] -- Installing: /home/minhquang/ros2_panda/install/panda_description/share/panda_description/meshes/collision/link2.obj
[0.940s] -- Installing: /home/minhquang/ros2_panda/install/panda_description/share/panda_description/meshes/collision/link7.obj
[0.940s] -- Installing: /home/minhquang/ros2_panda/install/panda_description/share/panda_description/meshes/collision/link5.obj
[0.940s] -- Installing: /home/minhquang/ros2_panda/install/panda_description/share/panda_description/meshes/collision/finger.obj
[0.940s] -- Installing: /home/minhquang/ros2_panda/install/panda_description/share/panda_description/meshes/collision/camera.stl
[0.940s] -- Installing: /home/minhquang/ros2_panda/install/panda_description/share/panda_description/meshes/visual
[0.940s] -- Installing: /home/minhquang/ros2_panda/install/panda_description/share/panda_description/meshes/visual/link5.dae
[0.941s] -- Installing: /home/minhquang/ros2_panda/install/panda_description/share/panda_description/meshes/visual/link6.dae
[0.942s] -- Installing: /home/minhquang/ros2_panda/install/panda_description/share/panda_description/meshes/visual/link3.dae
[0.943s] -- Installing: /home/minhquang/ros2_panda/install/panda_description/share/panda_description/meshes/visual/link7.dae
[0.944s] -- Installing: /home/minhquang/ros2_panda/install/panda_description/share/panda_description/meshes/visual/link1.dae
[0.945s] -- Installing: /home/minhquang/ros2_panda/install/panda_description/share/panda_description/meshes/visual/link2.dae
[0.946s] -- Installing: /home/minhquang/ros2_panda/install/panda_description/share/panda_description/meshes/visual/link0.dae
[0.947s] -- Installing: /home/minhquang/ros2_panda/install/panda_description/share/panda_description/meshes/visual/camera.stl
[0.947s] -- Installing: /home/minhquang/ros2_panda/install/panda_description/share/panda_description/meshes/visual/finger.dae
[0.947s] -- Installing: /home/minhquang/ros2_panda/install/panda_description/share/panda_description/meshes/visual/link4.dae
[0.948s] -- Installing: /home/minhquang/ros2_panda/install/panda_description/share/panda_description/meshes/visual/hand.dae
[0.949s] -- Installing: /home/minhquang/ros2_panda/install/panda_description/share/panda_description/urdf
[0.949s] -- Installing: /home/minhquang/ros2_panda/install/panda_description/share/panda_description/urdf/gazebo.xacro
[0.949s] -- Installing: /home/minhquang/ros2_panda/install/panda_description/share/panda_description/urdf/arm.xacro
[0.949s] -- Installing: /home/minhquang/ros2_panda/install/panda_description/share/panda_description/urdf/panda.urdf.xacro
[0.949s] -- Installing: /home/minhquang/ros2_panda/install/panda_description/share/panda_description/urdf/materials.xacro
[0.949s] -- Installing: /home/minhquang/ros2_panda/install/panda_description/share/panda_description/urdf/ros2control.xacro
[0.949s] -- Installing: /home/minhquang/ros2_panda/install/panda_description/share/panda_description/urdf/sensors.xacro
[0.949s] -- Installing: /home/minhquang/ros2_panda/install/panda_description/share/panda_description/rviz
[0.950s] -- Installing: /home/minhquang/ros2_panda/install/panda_description/share/panda_description/rviz/display.rviz
[0.950s] -- Installing: /home/minhquang/ros2_panda/install/panda_description/share/panda_description/worlds
[0.950s] -- Installing: /home/minhquang/ros2_panda/install/panda_description/share/panda_description/worlds/empty.world
[0.950s] -- Installing: /home/minhquang/ros2_panda/install/panda_description/share/panda_description/models
[0.950s] -- Installing: /home/minhquang/ros2_panda/install/panda_description/share/panda_description/models/aws_robomaker_residential_Trash_01
[0.950s] -- Installing: /home/minhquang/ros2_panda/install/panda_description/share/panda_description/models/aws_robomaker_residential_Trash_01/meshes
[0.950s] -- Installing: /home/minhquang/ros2_panda/install/panda_description/share/panda_description/models/aws_robomaker_residential_Trash_01/meshes/aws_Trash_01_visual.DAE
[0.950s] -- Installing: /home/minhquang/ros2_panda/install/panda_description/share/panda_description/models/aws_robomaker_residential_Trash_01/meshes/aws_Trash_01_collision.DAE
[0.950s] -- Installing: /home/minhquang/ros2_panda/install/panda_description/share/panda_description/models/aws_robomaker_residential_Trash_01/model.config
[0.950s] -- Installing: /home/minhquang/ros2_panda/install/panda_description/share/panda_description/models/aws_robomaker_residential_Trash_01/materials
[0.950s] -- Installing: /home/minhquang/ros2_panda/install/panda_description/share/panda_description/models/aws_robomaker_residential_Trash_01/materials/textures
[0.950s] -- Installing: /home/minhquang/ros2_panda/install/panda_description/share/panda_description/models/aws_robomaker_residential_Trash_01/materials/textures/aws_Trash_01.png
[0.951s] -- Installing: /home/minhquang/ros2_panda/install/panda_description/share/panda_description/models/aws_robomaker_residential_Trash_01/model.sdf
[0.951s] -- Installing: /home/minhquang/ros2_panda/install/panda_description/share/panda_description/models/aws_robomaker_residential_CoffeeTable_01
[0.951s] -- Installing: /home/minhquang/ros2_panda/install/panda_description/share/panda_description/models/aws_robomaker_residential_CoffeeTable_01/meshes
[0.951s] -- Installing: /home/minhquang/ros2_panda/install/panda_description/share/panda_description/models/aws_robomaker_residential_CoffeeTable_01/meshes/aws_CoffeeTable_01_visual.DAE
[0.951s] -- Installing: /home/minhquang/ros2_panda/install/panda_description/share/panda_description/models/aws_robomaker_residential_CoffeeTable_01/meshes/aws_CoffeeTable_01_collision.DAE
[0.951s] -- Installing: /home/minhquang/ros2_panda/install/panda_description/share/panda_description/models/aws_robomaker_residential_CoffeeTable_01/model.config
[0.951s] -- Installing: /home/minhquang/ros2_panda/install/panda_description/share/panda_description/models/aws_robomaker_residential_CoffeeTable_01/materials
[0.951s] -- Installing: /home/minhquang/ros2_panda/install/panda_description/share/panda_description/models/aws_robomaker_residential_CoffeeTable_01/materials/textures
[0.951s] -- Installing: /home/minhquang/ros2_panda/install/panda_description/share/panda_description/models/aws_robomaker_residential_CoffeeTable_01/materials/textures/aws_CoffeeTable_01.png
[0.952s] -- Installing: /home/minhquang/ros2_panda/install/panda_description/share/panda_description/models/aws_robomaker_residential_CoffeeTable_01/model.sdf
[0.952s] -- Installing: /home/minhquang/ros2_panda/install/panda_description/share/ament_index/resource_index/package_run_dependencies/panda_description
[0.952s] -- Installing: /home/minhquang/ros2_panda/install/panda_description/share/ament_index/resource_index/parent_prefix_path/panda_description
[0.952s] -- Installing: /home/minhquang/ros2_panda/install/panda_description/share/panda_description/environment/ament_prefix_path.sh
[0.952s] -- Installing: /home/minhquang/ros2_panda/install/panda_description/share/panda_description/environment/ament_prefix_path.dsv
[0.953s] -- Installing: /home/minhquang/ros2_panda/install/panda_description/share/panda_description/environment/path.sh
[0.953s] -- Installing: /home/minhquang/ros2_panda/install/panda_description/share/panda_description/environment/path.dsv
[0.953s] -- Installing: /home/minhquang/ros2_panda/install/panda_description/share/panda_description/local_setup.bash
[0.953s] -- Installing: /home/minhquang/ros2_panda/install/panda_description/share/panda_description/local_setup.sh
[0.953s] -- Installing: /home/minhquang/ros2_panda/install/panda_description/share/panda_description/local_setup.zsh
[0.953s] -- Installing: /home/minhquang/ros2_panda/install/panda_description/share/panda_description/local_setup.dsv
[0.953s] -- Installing: /home/minhquang/ros2_panda/install/panda_description/share/panda_description/package.dsv
[0.953s] -- Installing: /home/minhquang/ros2_panda/install/panda_description/share/ament_index/resource_index/packages/panda_description
[0.954s] -- Installing: /home/minhquang/ros2_panda/install/panda_description/share/panda_description/cmake/panda_descriptionConfig.cmake
[0.954s] -- Installing: /home/minhquang/ros2_panda/install/panda_description/share/panda_description/cmake/panda_descriptionConfig-version.cmake
[0.954s] -- Installing: /home/minhquang/ros2_panda/install/panda_description/share/panda_description/package.xml
[0.956s] Invoked command in '/home/minhquang/ros2_panda/build/panda_description' returned '0': CMAKE_PREFIX_PATH=${CMAKE_PREFIX_PATH}:/opt/ros/jazzy DEBUGINFOD_URLS=https://debuginfod.ubuntu.com /usr/bin/cmake --install /home/minhquang/ros2_panda/build/panda_description
