[0.251s] Invoking command in '/home/minhquang/ros2_panda/build/pymoveit2': CMAKE_PREFIX_PATH=${CMAKE_PREFIX_PATH}:/opt/ros/jazzy DEBUGINFOD_URLS=https://debuginfod.ubuntu.com /usr/bin/cmake /home/minhquang/ros2_panda/src/pymoveit2 -DCMAKE_INSTALL_PREFIX=/home/minhquang/ros2_panda/install/pymoveit2
[0.307s] -- The C compiler identification is GNU 13.3.0
[0.367s] -- The CXX compiler identification is GNU 13.3.0
[0.383s] -- Detecting C compiler ABI info
[0.473s] -- Detecting C compiler ABI info - done
[0.490s] -- Check for working C compiler: /usr/bin/cc - skipped
[0.490s] -- Detecting C compile features
[0.491s] -- Detecting C compile features - done
[0.500s] -- Detecting CXX compiler ABI info
[0.606s] -- Detecting CXX compiler ABI info - done
[0.621s] -- Check for working CXX compiler: /usr/bin/c++ - skipped
[0.621s] -- Detecting CXX compile features
[0.622s] -- Detecting CXX compile features - done
[0.626s] -- Found ament_cmake: 2.5.4 (/opt/ros/jazzy/share/ament_cmake/cmake)
[0.802s] -- Found Python3: /usr/bin/python3 (found version "3.12.3") found components: Interpreter 
[1.264s] -- Configuring done (1.0s)
[1.271s] -- Generating done (0.0s)
[1.274s] -- Build files have been written to: /home/minhquang/ros2_panda/build/pymoveit2
[1.282s] Invoked command in '/home/minhquang/ros2_panda/build/pymoveit2' returned '0': CMAKE_PREFIX_PATH=${CMAKE_PREFIX_PATH}:/opt/ros/jazzy DEBUGINFOD_URLS=https://debuginfod.ubuntu.com /usr/bin/cmake /home/minhquang/ros2_panda/src/pymoveit2 -DCMAKE_INSTALL_PREFIX=/home/minhquang/ros2_panda/install/pymoveit2
[1.283s] Invoking command in '/home/minhquang/ros2_panda/build/pymoveit2': CMAKE_PREFIX_PATH=${CMAKE_PREFIX_PATH}:/opt/ros/jazzy DEBUGINFOD_URLS=https://debuginfod.ubuntu.com /usr/bin/cmake --build /home/minhquang/ros2_panda/build/pymoveit2 -- -j8 -l8
[1.347s] Built target ament_cmake_python_copy_pymoveit2
[1.608s] running egg_info
[1.609s] creating pymoveit2.egg-info
[1.635s] writing pymoveit2.egg-info/PKG-INFO
[1.635s] writing dependency_links to pymoveit2.egg-info/dependency_links.txt
[1.636s] writing top-level names to pymoveit2.egg-info/top_level.txt
[1.636s] writing manifest file 'pymoveit2.egg-info/SOURCES.txt'
[1.714s] reading manifest file 'pymoveit2.egg-info/SOURCES.txt'
[1.715s] writing manifest file 'pymoveit2.egg-info/SOURCES.txt'
[1.746s] Built target ament_cmake_python_build_pymoveit2_egg
[1.759s] Invoked command in '/home/minhquang/ros2_panda/build/pymoveit2' returned '0': CMAKE_PREFIX_PATH=${CMAKE_PREFIX_PATH}:/opt/ros/jazzy DEBUGINFOD_URLS=https://debuginfod.ubuntu.com /usr/bin/cmake --build /home/minhquang/ros2_panda/build/pymoveit2 -- -j8 -l8
[1.761s] Invoking command in '/home/minhquang/ros2_panda/build/pymoveit2': CMAKE_PREFIX_PATH=${CMAKE_PREFIX_PATH}:/opt/ros/jazzy DEBUGINFOD_URLS=https://debuginfod.ubuntu.com /usr/bin/cmake --install /home/minhquang/ros2_panda/build/pymoveit2
[1.772s] -- Install configuration: ""
[1.773s] -- Installing: /home/minhquang/ros2_panda/install/pymoveit2/share/pymoveit2/environment/pythonpath.sh
[1.773s] -- Installing: /home/minhquang/ros2_panda/install/pymoveit2/share/pymoveit2/environment/pythonpath.dsv
[1.773s] -- Installing: /home/minhquang/ros2_panda/install/pymoveit2/lib/python3.12/site-packages/pymoveit2-4.0.0-py3.12.egg-info
[1.773s] -- Installing: /home/minhquang/ros2_panda/install/pymoveit2/lib/python3.12/site-packages/pymoveit2-4.0.0-py3.12.egg-info/PKG-INFO
[1.774s] -- Installing: /home/minhquang/ros2_panda/install/pymoveit2/lib/python3.12/site-packages/pymoveit2-4.0.0-py3.12.egg-info/dependency_links.txt
[1.774s] -- Installing: /home/minhquang/ros2_panda/install/pymoveit2/lib/python3.12/site-packages/pymoveit2-4.0.0-py3.12.egg-info/top_level.txt
[1.774s] -- Installing: /home/minhquang/ros2_panda/install/pymoveit2/lib/python3.12/site-packages/pymoveit2-4.0.0-py3.12.egg-info/SOURCES.txt
[1.774s] -- Installing: /home/minhquang/ros2_panda/install/pymoveit2/lib/python3.12/site-packages/pymoveit2
[1.775s] -- Installing: /home/minhquang/ros2_panda/install/pymoveit2/lib/python3.12/site-packages/pymoveit2/__init__.py
[1.775s] -- Installing: /home/minhquang/ros2_panda/install/pymoveit2/lib/python3.12/site-packages/pymoveit2/utils.py
[1.775s] -- Installing: /home/minhquang/ros2_panda/install/pymoveit2/lib/python3.12/site-packages/pymoveit2/gripper_command.py
[1.775s] -- Installing: /home/minhquang/ros2_panda/install/pymoveit2/lib/python3.12/site-packages/pymoveit2/robots
[1.775s] -- Installing: /home/minhquang/ros2_panda/install/pymoveit2/lib/python3.12/site-packages/pymoveit2/robots/__init__.py
[1.776s] -- Installing: /home/minhquang/ros2_panda/install/pymoveit2/lib/python3.12/site-packages/pymoveit2/robots/crane_x7.py
[1.776s] -- Installing: /home/minhquang/ros2_panda/install/pymoveit2/lib/python3.12/site-packages/pymoveit2/robots/phantomx_pincher.py
[1.776s] -- Installing: /home/minhquang/ros2_panda/install/pymoveit2/lib/python3.12/site-packages/pymoveit2/robots/ur.py
[1.776s] -- Installing: /home/minhquang/ros2_panda/install/pymoveit2/lib/python3.12/site-packages/pymoveit2/robots/panda.py
[1.776s] -- Installing: /home/minhquang/ros2_panda/install/pymoveit2/lib/python3.12/site-packages/pymoveit2/robots/lbr.py
[1.777s] -- Installing: /home/minhquang/ros2_panda/install/pymoveit2/lib/python3.12/site-packages/pymoveit2/robots/kinova.py
[1.777s] -- Installing: /home/minhquang/ros2_panda/install/pymoveit2/lib/python3.12/site-packages/pymoveit2/moveit2.py
[1.777s] -- Installing: /home/minhquang/ros2_panda/install/pymoveit2/lib/python3.12/site-packages/pymoveit2/gripper_interface.py
[1.777s] -- Installing: /home/minhquang/ros2_panda/install/pymoveit2/lib/python3.12/site-packages/pymoveit2/moveit2_gripper.py
[1.777s] -- Installing: /home/minhquang/ros2_panda/install/pymoveit2/lib/python3.12/site-packages/pymoveit2/moveit2_servo.py
[1.844s] Listing '/home/minhquang/ros2_panda/install/pymoveit2/lib/python3.12/site-packages/pymoveit2'...
[1.844s] Compiling '/home/minhquang/ros2_panda/install/pymoveit2/lib/python3.12/site-packages/pymoveit2/__init__.py'...
[1.844s] Compiling '/home/minhquang/ros2_panda/install/pymoveit2/lib/python3.12/site-packages/pymoveit2/gripper_command.py'...
[1.844s] Compiling '/home/minhquang/ros2_panda/install/pymoveit2/lib/python3.12/site-packages/pymoveit2/gripper_interface.py'...
[1.844s] Compiling '/home/minhquang/ros2_panda/install/pymoveit2/lib/python3.12/site-packages/pymoveit2/moveit2.py'...
[1.844s] Compiling '/home/minhquang/ros2_panda/install/pymoveit2/lib/python3.12/site-packages/pymoveit2/moveit2_gripper.py'...
[1.844s] Compiling '/home/minhquang/ros2_panda/install/pymoveit2/lib/python3.12/site-packages/pymoveit2/moveit2_servo.py'...
[1.844s] Listing '/home/minhquang/ros2_panda/install/pymoveit2/lib/python3.12/site-packages/pymoveit2/robots'...
[1.845s] Compiling '/home/minhquang/ros2_panda/install/pymoveit2/lib/python3.12/site-packages/pymoveit2/robots/__init__.py'...
[1.845s] Compiling '/home/minhquang/ros2_panda/install/pymoveit2/lib/python3.12/site-packages/pymoveit2/robots/crane_x7.py'...
[1.845s] Compiling '/home/minhquang/ros2_panda/install/pymoveit2/lib/python3.12/site-packages/pymoveit2/robots/kinova.py'...
[1.845s] Compiling '/home/minhquang/ros2_panda/install/pymoveit2/lib/python3.12/site-packages/pymoveit2/robots/lbr.py'...
[1.845s] Compiling '/home/minhquang/ros2_panda/install/pymoveit2/lib/python3.12/site-packages/pymoveit2/robots/panda.py'...
[1.845s] Compiling '/home/minhquang/ros2_panda/install/pymoveit2/lib/python3.12/site-packages/pymoveit2/robots/phantomx_pincher.py'...
[1.845s] Compiling '/home/minhquang/ros2_panda/install/pymoveit2/lib/python3.12/site-packages/pymoveit2/robots/ur.py'...
[1.845s] Compiling '/home/minhquang/ros2_panda/install/pymoveit2/lib/python3.12/site-packages/pymoveit2/utils.py'...
[1.854s] -- Installing: /home/minhquang/ros2_panda/install/pymoveit2/lib/pymoveit2/ex_allow_collisions.py
[1.855s] -- Installing: /home/minhquang/ros2_panda/install/pymoveit2/lib/pymoveit2/ex_clear_planning_scene.py
[1.855s] -- Installing: /home/minhquang/ros2_panda/install/pymoveit2/lib/pymoveit2/ex_collision_mesh.py
[1.855s] -- Installing: /home/minhquang/ros2_panda/install/pymoveit2/lib/pymoveit2/ex_collision_primitive.py
[1.855s] -- Installing: /home/minhquang/ros2_panda/install/pymoveit2/lib/pymoveit2/ex_fk.py
[1.855s] -- Installing: /home/minhquang/ros2_panda/install/pymoveit2/lib/pymoveit2/ex_gripper.py
[1.856s] -- Installing: /home/minhquang/ros2_panda/install/pymoveit2/lib/pymoveit2/ex_ik.py
[1.856s] -- Installing: /home/minhquang/ros2_panda/install/pymoveit2/lib/pymoveit2/ex_joint_goal.py
[1.856s] -- Installing: /home/minhquang/ros2_panda/install/pymoveit2/lib/pymoveit2/ex_orientation_path_constraint.py
[1.856s] -- Installing: /home/minhquang/ros2_panda/install/pymoveit2/lib/pymoveit2/ex_pose_goal.py
[1.856s] -- Installing: /home/minhquang/ros2_panda/install/pymoveit2/lib/pymoveit2/ex_servo.py
[1.857s] -- Installing: /home/minhquang/ros2_panda/install/pymoveit2/lib/pymoveit2/pick_and_place.py
[1.857s] -- Installing: /home/minhquang/ros2_panda/install/pymoveit2/share/ament_index/resource_index/package_run_dependencies/pymoveit2
[1.857s] -- Installing: /home/minhquang/ros2_panda/install/pymoveit2/share/ament_index/resource_index/parent_prefix_path/pymoveit2
[1.857s] -- Installing: /home/minhquang/ros2_panda/install/pymoveit2/share/pymoveit2/environment/ament_prefix_path.sh
[1.857s] -- Installing: /home/minhquang/ros2_panda/install/pymoveit2/share/pymoveit2/environment/ament_prefix_path.dsv
[1.858s] -- Installing: /home/minhquang/ros2_panda/install/pymoveit2/share/pymoveit2/environment/path.sh
[1.858s] -- Installing: /home/minhquang/ros2_panda/install/pymoveit2/share/pymoveit2/environment/path.dsv
[1.858s] -- Installing: /home/minhquang/ros2_panda/install/pymoveit2/share/pymoveit2/local_setup.bash
[1.858s] -- Installing: /home/minhquang/ros2_panda/install/pymoveit2/share/pymoveit2/local_setup.sh
[1.858s] -- Installing: /home/minhquang/ros2_panda/install/pymoveit2/share/pymoveit2/local_setup.zsh
[1.859s] -- Installing: /home/minhquang/ros2_panda/install/pymoveit2/share/pymoveit2/local_setup.dsv
[1.859s] -- Installing: /home/minhquang/ros2_panda/install/pymoveit2/share/pymoveit2/package.dsv
[1.859s] -- Installing: /home/minhquang/ros2_panda/install/pymoveit2/share/ament_index/resource_index/packages/pymoveit2
[1.859s] -- Installing: /home/minhquang/ros2_panda/install/pymoveit2/share/pymoveit2/cmake/pymoveit2Config.cmake
[1.859s] -- Installing: /home/minhquang/ros2_panda/install/pymoveit2/share/pymoveit2/cmake/pymoveit2Config-version.cmake
[1.859s] -- Installing: /home/minhquang/ros2_panda/install/pymoveit2/share/pymoveit2/package.xml
[1.861s] Invoked command in '/home/minhquang/ros2_panda/build/pymoveit2' returned '0': CMAKE_PREFIX_PATH=${CMAKE_PREFIX_PATH}:/opt/ros/jazzy DEBUGINFOD_URLS=https://debuginfod.ubuntu.com /usr/bin/cmake --install /home/minhquang/ros2_panda/build/pymoveit2
