[0.010s] Invoking command in '/home/minhquang/ros2_panda/build/panda_moveit': AMENT_PREFIX_PATH=/home/minhquang/ros2_panda/install/panda_description:${AMENT_PREFIX_PATH} CMAKE_PREFIX_PATH=/home/minhquang/ros2_panda/install/panda_description:/opt/ros/jazzy/opt/gz_sim_vendor:/opt/ros/jazzy/opt/gz_sensors_vendor:/opt/ros/jazzy/opt/gz_physics_vendor:/opt/ros/jazzy/opt/sdformat_vendor:/opt/ros/jazzy/opt/gz_gui_vendor:/opt/ros/jazzy/opt/gz_transport_vendor:/opt/ros/jazzy/opt/gz_rendering_vendor:/opt/ros/jazzy/opt/gz_plugin_vendor:/opt/ros/jazzy/opt/gz_fuel_tools_vendor:/opt/ros/jazzy/opt/gz_msgs_vendor:/opt/ros/jazzy/opt/gz_common_vendor:/opt/ros/jazzy/opt/gz_math_vendor:/opt/ros/jazzy/opt/gz_utils_vendor:/opt/ros/jazzy/opt/gz_tools_vendor:/opt/ros/jazzy/opt/gz_ogre_next_vendor:/opt/ros/jazzy/opt/gz_dartsim_vendor:/opt/ros/jazzy/opt/gz_cmake_vendor:/opt/ros/jazzy DEBUGINFOD_URLS=https://debuginfod.ubuntu.com /usr/bin/cmake /home/minhquang/ros2_panda/src/panda_moveit -DCMAKE_INSTALL_PREFIX=/home/minhquang/ros2_panda/install/panda_moveit
[0.077s] -- The C compiler identification is GNU 13.3.0
[0.167s] -- The CXX compiler identification is GNU 13.3.0
[0.201s] -- Detecting C compiler ABI info
[0.310s] -- Detecting C compiler ABI info - done
[0.325s] -- Check for working C compiler: /usr/bin/cc - skipped
[0.326s] -- Detecting C compile features
[0.326s] -- Detecting C compile features - done
[0.338s] -- Detecting CXX compiler ABI info
[0.448s] -- Detecting CXX compiler ABI info - done
[0.458s] -- Check for working CXX compiler: /usr/bin/c++ - skipped
[0.459s] -- Detecting CXX compile features
[0.459s] -- Detecting CXX compile features - done
[0.464s] -- Found ament_cmake: 2.5.4 (/opt/ros/jazzy/share/ament_cmake/cmake)
[0.638s] -- Found Python3: /usr/bin/python3 (found version "3.12.3") found components: Interpreter 
[0.787s] -- Found ament_lint_auto: 0.17.3 (/opt/ros/jazzy/share/ament_lint_auto/cmake)
[0.942s] -- Added test 'flake8' to check Python code syntax and style conventions
[0.942s] -- Configured 'flake8' exclude dirs and/or files: 
[0.943s] -- Added test 'lint_cmake' to check CMake code style
[0.944s] -- Added test 'pep257' to check Python code against some of the docstring style conventions in PEP 257
[0.946s] -- Added test 'xmllint' to check XML markup files
[0.948s] -- Configuring done (0.9s)
[0.951s] -- Generating done (0.0s)
[0.952s] -- Build files have been written to: /home/minhquang/ros2_panda/build/panda_moveit
[0.957s] Invoked command in '/home/minhquang/ros2_panda/build/panda_moveit' returned '0': AMENT_PREFIX_PATH=/home/minhquang/ros2_panda/install/panda_description:${AMENT_PREFIX_PATH} CMAKE_PREFIX_PATH=/home/minhquang/ros2_panda/install/panda_description:/opt/ros/jazzy/opt/gz_sim_vendor:/opt/ros/jazzy/opt/gz_sensors_vendor:/opt/ros/jazzy/opt/gz_physics_vendor:/opt/ros/jazzy/opt/sdformat_vendor:/opt/ros/jazzy/opt/gz_gui_vendor:/opt/ros/jazzy/opt/gz_transport_vendor:/opt/ros/jazzy/opt/gz_rendering_vendor:/opt/ros/jazzy/opt/gz_plugin_vendor:/opt/ros/jazzy/opt/gz_fuel_tools_vendor:/opt/ros/jazzy/opt/gz_msgs_vendor:/opt/ros/jazzy/opt/gz_common_vendor:/opt/ros/jazzy/opt/gz_math_vendor:/opt/ros/jazzy/opt/gz_utils_vendor:/opt/ros/jazzy/opt/gz_tools_vendor:/opt/ros/jazzy/opt/gz_ogre_next_vendor:/opt/ros/jazzy/opt/gz_dartsim_vendor:/opt/ros/jazzy/opt/gz_cmake_vendor:/opt/ros/jazzy DEBUGINFOD_URLS=https://debuginfod.ubuntu.com /usr/bin/cmake /home/minhquang/ros2_panda/src/panda_moveit -DCMAKE_INSTALL_PREFIX=/home/minhquang/ros2_panda/install/panda_moveit
[0.959s] Invoking command in '/home/minhquang/ros2_panda/build/panda_moveit': AMENT_PREFIX_PATH=/home/minhquang/ros2_panda/install/panda_description:${AMENT_PREFIX_PATH} CMAKE_PREFIX_PATH=/home/minhquang/ros2_panda/install/panda_description:/opt/ros/jazzy/opt/gz_sim_vendor:/opt/ros/jazzy/opt/gz_sensors_vendor:/opt/ros/jazzy/opt/gz_physics_vendor:/opt/ros/jazzy/opt/sdformat_vendor:/opt/ros/jazzy/opt/gz_gui_vendor:/opt/ros/jazzy/opt/gz_transport_vendor:/opt/ros/jazzy/opt/gz_rendering_vendor:/opt/ros/jazzy/opt/gz_plugin_vendor:/opt/ros/jazzy/opt/gz_fuel_tools_vendor:/opt/ros/jazzy/opt/gz_msgs_vendor:/opt/ros/jazzy/opt/gz_common_vendor:/opt/ros/jazzy/opt/gz_math_vendor:/opt/ros/jazzy/opt/gz_utils_vendor:/opt/ros/jazzy/opt/gz_tools_vendor:/opt/ros/jazzy/opt/gz_ogre_next_vendor:/opt/ros/jazzy/opt/gz_dartsim_vendor:/opt/ros/jazzy/opt/gz_cmake_vendor:/opt/ros/jazzy DEBUGINFOD_URLS=https://debuginfod.ubuntu.com /usr/bin/cmake --build /home/minhquang/ros2_panda/build/panda_moveit -- -j8 -l8
[0.998s] Invoked command in '/home/minhquang/ros2_panda/build/panda_moveit' returned '0': AMENT_PREFIX_PATH=/home/minhquang/ros2_panda/install/panda_description:${AMENT_PREFIX_PATH} CMAKE_PREFIX_PATH=/home/minhquang/ros2_panda/install/panda_description:/opt/ros/jazzy/opt/gz_sim_vendor:/opt/ros/jazzy/opt/gz_sensors_vendor:/opt/ros/jazzy/opt/gz_physics_vendor:/opt/ros/jazzy/opt/sdformat_vendor:/opt/ros/jazzy/opt/gz_gui_vendor:/opt/ros/jazzy/opt/gz_transport_vendor:/opt/ros/jazzy/opt/gz_rendering_vendor:/opt/ros/jazzy/opt/gz_plugin_vendor:/opt/ros/jazzy/opt/gz_fuel_tools_vendor:/opt/ros/jazzy/opt/gz_msgs_vendor:/opt/ros/jazzy/opt/gz_common_vendor:/opt/ros/jazzy/opt/gz_math_vendor:/opt/ros/jazzy/opt/gz_utils_vendor:/opt/ros/jazzy/opt/gz_tools_vendor:/opt/ros/jazzy/opt/gz_ogre_next_vendor:/opt/ros/jazzy/opt/gz_dartsim_vendor:/opt/ros/jazzy/opt/gz_cmake_vendor:/opt/ros/jazzy DEBUGINFOD_URLS=https://debuginfod.ubuntu.com /usr/bin/cmake --build /home/minhquang/ros2_panda/build/panda_moveit -- -j8 -l8
[0.999s] Invoking command in '/home/minhquang/ros2_panda/build/panda_moveit': AMENT_PREFIX_PATH=/home/minhquang/ros2_panda/install/panda_description:${AMENT_PREFIX_PATH} CMAKE_PREFIX_PATH=/home/minhquang/ros2_panda/install/panda_description:/opt/ros/jazzy/opt/gz_sim_vendor:/opt/ros/jazzy/opt/gz_sensors_vendor:/opt/ros/jazzy/opt/gz_physics_vendor:/opt/ros/jazzy/opt/sdformat_vendor:/opt/ros/jazzy/opt/gz_gui_vendor:/opt/ros/jazzy/opt/gz_transport_vendor:/opt/ros/jazzy/opt/gz_rendering_vendor:/opt/ros/jazzy/opt/gz_plugin_vendor:/opt/ros/jazzy/opt/gz_fuel_tools_vendor:/opt/ros/jazzy/opt/gz_msgs_vendor:/opt/ros/jazzy/opt/gz_common_vendor:/opt/ros/jazzy/opt/gz_math_vendor:/opt/ros/jazzy/opt/gz_utils_vendor:/opt/ros/jazzy/opt/gz_tools_vendor:/opt/ros/jazzy/opt/gz_ogre_next_vendor:/opt/ros/jazzy/opt/gz_dartsim_vendor:/opt/ros/jazzy/opt/gz_cmake_vendor:/opt/ros/jazzy DEBUGINFOD_URLS=https://debuginfod.ubuntu.com /usr/bin/cmake --install /home/minhquang/ros2_panda/build/panda_moveit
[1.007s] -- Install configuration: ""
[1.007s] -- Installing: /home/minhquang/ros2_panda/install/panda_moveit/share/panda_moveit/launch
[1.008s] -- Installing: /home/minhquang/ros2_panda/install/panda_moveit/share/panda_moveit/launch/moveit.launch.py
[1.008s] -- Installing: /home/minhquang/ros2_panda/install/panda_moveit/share/panda_moveit/config
[1.008s] -- Installing: /home/minhquang/ros2_panda/install/panda_moveit/share/panda_moveit/config/pilz_cartesian_limits.yaml
[1.008s] -- Installing: /home/minhquang/ros2_panda/install/panda_moveit/share/panda_moveit/config/initial_positions.yaml
[1.008s] -- Installing: /home/minhquang/ros2_panda/install/panda_moveit/share/panda_moveit/config/planning_python_api.yaml
[1.008s] -- Installing: /home/minhquang/ros2_panda/install/panda_moveit/share/panda_moveit/config/moveit_controllers.yaml
[1.009s] -- Installing: /home/minhquang/ros2_panda/install/panda_moveit/share/panda_moveit/config/panda.srdf
[1.009s] -- Installing: /home/minhquang/ros2_panda/install/panda_moveit/share/panda_moveit/config/joint_limits.yaml
[1.009s] -- Installing: /home/minhquang/ros2_panda/install/panda_moveit/share/panda_moveit/config/kinematics.yaml
[1.009s] -- Installing: /home/minhquang/ros2_panda/install/panda_moveit/share/panda_moveit/rviz
[1.009s] -- Installing: /home/minhquang/ros2_panda/install/panda_moveit/share/panda_moveit/rviz/moveit.rviz
[1.009s] -- Installing: /home/minhquang/ros2_panda/install/panda_moveit/share/ament_index/resource_index/package_run_dependencies/panda_moveit
[1.009s] -- Installing: /home/minhquang/ros2_panda/install/panda_moveit/share/ament_index/resource_index/parent_prefix_path/panda_moveit
[1.010s] -- Installing: /home/minhquang/ros2_panda/install/panda_moveit/share/panda_moveit/environment/ament_prefix_path.sh
[1.010s] -- Installing: /home/minhquang/ros2_panda/install/panda_moveit/share/panda_moveit/environment/ament_prefix_path.dsv
[1.010s] -- Installing: /home/minhquang/ros2_panda/install/panda_moveit/share/panda_moveit/environment/path.sh
[1.010s] -- Installing: /home/minhquang/ros2_panda/install/panda_moveit/share/panda_moveit/environment/path.dsv
[1.010s] -- Installing: /home/minhquang/ros2_panda/install/panda_moveit/share/panda_moveit/local_setup.bash
[1.010s] -- Installing: /home/minhquang/ros2_panda/install/panda_moveit/share/panda_moveit/local_setup.sh
[1.010s] -- Installing: /home/minhquang/ros2_panda/install/panda_moveit/share/panda_moveit/local_setup.zsh
[1.011s] -- Installing: /home/minhquang/ros2_panda/install/panda_moveit/share/panda_moveit/local_setup.dsv
[1.011s] -- Installing: /home/minhquang/ros2_panda/install/panda_moveit/share/panda_moveit/package.dsv
[1.011s] -- Installing: /home/minhquang/ros2_panda/install/panda_moveit/share/ament_index/resource_index/packages/panda_moveit
[1.011s] -- Installing: /home/minhquang/ros2_panda/install/panda_moveit/share/panda_moveit/cmake/panda_moveitConfig.cmake
[1.011s] -- Installing: /home/minhquang/ros2_panda/install/panda_moveit/share/panda_moveit/cmake/panda_moveitConfig-version.cmake
[1.011s] -- Installing: /home/minhquang/ros2_panda/install/panda_moveit/share/panda_moveit/package.xml
[1.013s] Invoked command in '/home/minhquang/ros2_panda/build/panda_moveit' returned '0': AMENT_PREFIX_PATH=/home/minhquang/ros2_panda/install/panda_description:${AMENT_PREFIX_PATH} CMAKE_PREFIX_PATH=/home/minhquang/ros2_panda/install/panda_description:/opt/ros/jazzy/opt/gz_sim_vendor:/opt/ros/jazzy/opt/gz_sensors_vendor:/opt/ros/jazzy/opt/gz_physics_vendor:/opt/ros/jazzy/opt/sdformat_vendor:/opt/ros/jazzy/opt/gz_gui_vendor:/opt/ros/jazzy/opt/gz_transport_vendor:/opt/ros/jazzy/opt/gz_rendering_vendor:/opt/ros/jazzy/opt/gz_plugin_vendor:/opt/ros/jazzy/opt/gz_fuel_tools_vendor:/opt/ros/jazzy/opt/gz_msgs_vendor:/opt/ros/jazzy/opt/gz_common_vendor:/opt/ros/jazzy/opt/gz_math_vendor:/opt/ros/jazzy/opt/gz_utils_vendor:/opt/ros/jazzy/opt/gz_tools_vendor:/opt/ros/jazzy/opt/gz_ogre_next_vendor:/opt/ros/jazzy/opt/gz_dartsim_vendor:/opt/ros/jazzy/opt/gz_cmake_vendor:/opt/ros/jazzy DEBUGINFOD_URLS=https://debuginfod.ubuntu.com /usr/bin/cmake --install /home/minhquang/ros2_panda/build/panda_moveit
