[0.105s] DEBUG:colcon:Command line arguments: ['/usr/bin/colcon', 'build']
[0.105s] DEBUG:colcon:Parsed command line arguments: Namespace(log_base=None, log_level=None, verb_name='build', build_base='build', install_base='install', merge_install=False, symlink_install=False, test_result_base=None, continue_on_error=False, executor='parallel', parallel_workers=8, event_handlers=None, ignore_user_meta=False, metas=['./colcon.meta'], base_paths=['.'], packages_ignore=None, packages_ignore_regex=None, paths=None, packages_up_to=None, packages_up_to_regex=None, packages_above=None, packages_above_and_dependencies=None, packages_above_depth=None, packages_select_by_dep=None, packages_skip_by_dep=None, packages_skip_up_to=None, packages_select_build_failed=False, packages_skip_build_finished=False, packages_select_test_failures=False, packages_skip_test_passed=False, packages_select=None, packages_skip=None, packages_select_regex=None, packages_skip_regex=None, packages_start=None, packages_end=None, allow_overriding=[], cmake_args=None, cmake_target=None, cmake_target_skip_unavailable=False, cmake_clean_cache=False, cmake_clean_first=False, cmake_force_configure=False, ament_cmake_args=None, catkin_cmake_args=None, catkin_skip_building_tests=False, mixin_files=None, mixin=None, verb_parser=<colcon_mixin.mixin.mixin_argument.MixinArgumentDecorator object at 0x7ea592a70d40>, verb_extension=<colcon_core.verb.build.BuildVerb object at 0x7ea592a70aa0>, main=<bound method BuildVerb.main of <colcon_core.verb.build.BuildVerb object at 0x7ea592a70aa0>>, mixin_verb=('build',))
[0.141s] Level 1:colcon.colcon_core.package_discovery:discover_packages(colcon_meta) check parameters
[0.141s] Level 1:colcon.colcon_core.package_discovery:discover_packages(recursive) check parameters
[0.141s] Level 1:colcon.colcon_core.package_discovery:discover_packages(ignore) check parameters
[0.141s] Level 1:colcon.colcon_core.package_discovery:discover_packages(path) check parameters
[0.141s] Level 1:colcon.colcon_core.package_discovery:discover_packages(colcon_meta) discover
[0.141s] Level 1:colcon.colcon_core.package_discovery:discover_packages(recursive) discover
[0.141s] INFO:colcon.colcon_core.package_discovery:Crawling recursively for packages in '/home/minhquang/ros2_panda'
[0.141s] Level 1:colcon.colcon_core.package_identification:_identify(.) by extensions ['ignore', 'ignore_ament_install']
[0.141s] Level 1:colcon.colcon_core.package_identification:_identify(.) by extension 'ignore'
[0.141s] Level 1:colcon.colcon_core.package_identification:_identify(.) by extension 'ignore_ament_install'
[0.141s] Level 1:colcon.colcon_core.package_identification:_identify(.) by extensions ['colcon_pkg']
[0.141s] Level 1:colcon.colcon_core.package_identification:_identify(.) by extension 'colcon_pkg'
[0.141s] Level 1:colcon.colcon_core.package_identification:_identify(.) by extensions ['colcon_meta']
[0.141s] Level 1:colcon.colcon_core.package_identification:_identify(.) by extension 'colcon_meta'
[0.141s] Level 1:colcon.colcon_core.package_identification:_identify(.) by extensions ['ros']
[0.141s] Level 1:colcon.colcon_core.package_identification:_identify(.) by extension 'ros'
[0.165s] Level 1:colcon.colcon_core.package_identification:_identify(.) by extensions ['cmake', 'python']
[0.165s] Level 1:colcon.colcon_core.package_identification:_identify(.) by extension 'cmake'
[0.165s] Level 1:colcon.colcon_core.package_identification:_identify(.) by extension 'python'
[0.165s] Level 1:colcon.colcon_core.package_identification:_identify(.) by extensions ['python_setup_py']
[0.165s] Level 1:colcon.colcon_core.package_identification:_identify(.) by extension 'python_setup_py'
[0.165s] Level 1:colcon.colcon_core.package_identification:_identify(build) by extensions ['ignore', 'ignore_ament_install']
[0.166s] Level 1:colcon.colcon_core.package_identification:_identify(build) by extension 'ignore'
[0.166s] Level 1:colcon.colcon_core.package_identification:_identify(build) ignored
[0.166s] Level 1:colcon.colcon_core.package_identification:_identify(install) by extensions ['ignore', 'ignore_ament_install']
[0.166s] Level 1:colcon.colcon_core.package_identification:_identify(install) by extension 'ignore'
[0.166s] Level 1:colcon.colcon_core.package_identification:_identify(install) ignored
[0.166s] Level 1:colcon.colcon_core.package_identification:_identify(log) by extensions ['ignore', 'ignore_ament_install']
[0.166s] Level 1:colcon.colcon_core.package_identification:_identify(log) by extension 'ignore'
[0.166s] Level 1:colcon.colcon_core.package_identification:_identify(log) ignored
[0.166s] Level 1:colcon.colcon_core.package_identification:_identify(src) by extensions ['ignore', 'ignore_ament_install']
[0.166s] Level 1:colcon.colcon_core.package_identification:_identify(src) by extension 'ignore'
[0.166s] Level 1:colcon.colcon_core.package_identification:_identify(src) by extension 'ignore_ament_install'
[0.166s] Level 1:colcon.colcon_core.package_identification:_identify(src) by extensions ['colcon_pkg']
[0.166s] Level 1:colcon.colcon_core.package_identification:_identify(src) by extension 'colcon_pkg'
[0.166s] Level 1:colcon.colcon_core.package_identification:_identify(src) by extensions ['colcon_meta']
[0.166s] Level 1:colcon.colcon_core.package_identification:_identify(src) by extension 'colcon_meta'
[0.166s] Level 1:colcon.colcon_core.package_identification:_identify(src) by extensions ['ros']
[0.166s] Level 1:colcon.colcon_core.package_identification:_identify(src) by extension 'ros'
[0.167s] Level 1:colcon.colcon_core.package_identification:_identify(src) by extensions ['cmake', 'python']
[0.167s] Level 1:colcon.colcon_core.package_identification:_identify(src) by extension 'cmake'
[0.167s] Level 1:colcon.colcon_core.package_identification:_identify(src) by extension 'python'
[0.167s] Level 1:colcon.colcon_core.package_identification:_identify(src) by extensions ['python_setup_py']
[0.167s] Level 1:colcon.colcon_core.package_identification:_identify(src) by extension 'python_setup_py'
[0.167s] Level 1:colcon.colcon_core.package_identification:_identify(src/panda_bringup) by extensions ['ignore', 'ignore_ament_install']
[0.167s] Level 1:colcon.colcon_core.package_identification:_identify(src/panda_bringup) by extension 'ignore'
[0.167s] Level 1:colcon.colcon_core.package_identification:_identify(src/panda_bringup) by extension 'ignore_ament_install'
[0.167s] Level 1:colcon.colcon_core.package_identification:_identify(src/panda_bringup) by extensions ['colcon_pkg']
[0.167s] Level 1:colcon.colcon_core.package_identification:_identify(src/panda_bringup) by extension 'colcon_pkg'
[0.167s] Level 1:colcon.colcon_core.package_identification:_identify(src/panda_bringup) by extensions ['colcon_meta']
[0.167s] Level 1:colcon.colcon_core.package_identification:_identify(src/panda_bringup) by extension 'colcon_meta'
[0.167s] Level 1:colcon.colcon_core.package_identification:_identify(src/panda_bringup) by extensions ['ros']
[0.167s] Level 1:colcon.colcon_core.package_identification:_identify(src/panda_bringup) by extension 'ros'
[0.169s] DEBUG:colcon.colcon_core.package_identification:Package 'src/panda_bringup' with type 'ros.ament_cmake' and name 'panda_bringup'
[0.169s] Level 1:colcon.colcon_core.package_identification:_identify(src/panda_controller) by extensions ['ignore', 'ignore_ament_install']
[0.169s] Level 1:colcon.colcon_core.package_identification:_identify(src/panda_controller) by extension 'ignore'
[0.169s] Level 1:colcon.colcon_core.package_identification:_identify(src/panda_controller) by extension 'ignore_ament_install'
[0.169s] Level 1:colcon.colcon_core.package_identification:_identify(src/panda_controller) by extensions ['colcon_pkg']
[0.169s] Level 1:colcon.colcon_core.package_identification:_identify(src/panda_controller) by extension 'colcon_pkg'
[0.169s] Level 1:colcon.colcon_core.package_identification:_identify(src/panda_controller) by extensions ['colcon_meta']
[0.170s] Level 1:colcon.colcon_core.package_identification:_identify(src/panda_controller) by extension 'colcon_meta'
[0.170s] Level 1:colcon.colcon_core.package_identification:_identify(src/panda_controller) by extensions ['ros']
[0.170s] Level 1:colcon.colcon_core.package_identification:_identify(src/panda_controller) by extension 'ros'
[0.170s] DEBUG:colcon.colcon_core.package_identification:Package 'src/panda_controller' with type 'ros.ament_cmake' and name 'panda_controller'
[0.170s] Level 1:colcon.colcon_core.package_identification:_identify(src/panda_description) by extensions ['ignore', 'ignore_ament_install']
[0.170s] Level 1:colcon.colcon_core.package_identification:_identify(src/panda_description) by extension 'ignore'
[0.170s] Level 1:colcon.colcon_core.package_identification:_identify(src/panda_description) by extension 'ignore_ament_install'
[0.170s] Level 1:colcon.colcon_core.package_identification:_identify(src/panda_description) by extensions ['colcon_pkg']
[0.170s] Level 1:colcon.colcon_core.package_identification:_identify(src/panda_description) by extension 'colcon_pkg'
[0.171s] Level 1:colcon.colcon_core.package_identification:_identify(src/panda_description) by extensions ['colcon_meta']
[0.171s] Level 1:colcon.colcon_core.package_identification:_identify(src/panda_description) by extension 'colcon_meta'
[0.171s] Level 1:colcon.colcon_core.package_identification:_identify(src/panda_description) by extensions ['ros']
[0.171s] Level 1:colcon.colcon_core.package_identification:_identify(src/panda_description) by extension 'ros'
[0.180s] DEBUG:colcon.colcon_core.package_identification:Package 'src/panda_description' with type 'ros.ament_cmake' and name 'panda_description'
[0.181s] Level 1:colcon.colcon_core.package_identification:_identify(src/panda_moveit) by extensions ['ignore', 'ignore_ament_install']
[0.181s] Level 1:colcon.colcon_core.package_identification:_identify(src/panda_moveit) by extension 'ignore'
[0.181s] Level 1:colcon.colcon_core.package_identification:_identify(src/panda_moveit) by extension 'ignore_ament_install'
[0.181s] Level 1:colcon.colcon_core.package_identification:_identify(src/panda_moveit) by extensions ['colcon_pkg']
[0.181s] Level 1:colcon.colcon_core.package_identification:_identify(src/panda_moveit) by extension 'colcon_pkg'
[0.181s] Level 1:colcon.colcon_core.package_identification:_identify(src/panda_moveit) by extensions ['colcon_meta']
[0.181s] Level 1:colcon.colcon_core.package_identification:_identify(src/panda_moveit) by extension 'colcon_meta'
[0.181s] Level 1:colcon.colcon_core.package_identification:_identify(src/panda_moveit) by extensions ['ros']
[0.181s] Level 1:colcon.colcon_core.package_identification:_identify(src/panda_moveit) by extension 'ros'
[0.181s] DEBUG:colcon.colcon_core.package_identification:Package 'src/panda_moveit' with type 'ros.ament_cmake' and name 'panda_moveit'
[0.182s] Level 1:colcon.colcon_core.package_identification:_identify(src/panda_vision) by extensions ['ignore', 'ignore_ament_install']
[0.182s] Level 1:colcon.colcon_core.package_identification:_identify(src/panda_vision) by extension 'ignore'
[0.182s] Level 1:colcon.colcon_core.package_identification:_identify(src/panda_vision) by extension 'ignore_ament_install'
[0.182s] Level 1:colcon.colcon_core.package_identification:_identify(src/panda_vision) by extensions ['colcon_pkg']
[0.182s] Level 1:colcon.colcon_core.package_identification:_identify(src/panda_vision) by extension 'colcon_pkg'
[0.182s] Level 1:colcon.colcon_core.package_identification:_identify(src/panda_vision) by extensions ['colcon_meta']
[0.182s] Level 1:colcon.colcon_core.package_identification:_identify(src/panda_vision) by extension 'colcon_meta'
[0.182s] Level 1:colcon.colcon_core.package_identification:_identify(src/panda_vision) by extensions ['ros']
[0.182s] Level 1:colcon.colcon_core.package_identification:_identify(src/panda_vision) by extension 'ros'
[0.183s] DEBUG:colcon.colcon_core.package_identification:Package 'src/panda_vision' with type 'ros.ament_python' and name 'panda_vision'
[0.183s] Level 1:colcon.colcon_core.package_identification:_identify(src/pymoveit2) by extensions ['ignore', 'ignore_ament_install']
[0.183s] Level 1:colcon.colcon_core.package_identification:_identify(src/pymoveit2) by extension 'ignore'
[0.183s] Level 1:colcon.colcon_core.package_identification:_identify(src/pymoveit2) by extension 'ignore_ament_install'
[0.183s] Level 1:colcon.colcon_core.package_identification:_identify(src/pymoveit2) by extensions ['colcon_pkg']
[0.183s] Level 1:colcon.colcon_core.package_identification:_identify(src/pymoveit2) by extension 'colcon_pkg'
[0.183s] Level 1:colcon.colcon_core.package_identification:_identify(src/pymoveit2) by extensions ['colcon_meta']
[0.183s] Level 1:colcon.colcon_core.package_identification:_identify(src/pymoveit2) by extension 'colcon_meta'
[0.183s] Level 1:colcon.colcon_core.package_identification:_identify(src/pymoveit2) by extensions ['ros']
[0.183s] Level 1:colcon.colcon_core.package_identification:_identify(src/pymoveit2) by extension 'ros'
[0.184s] DEBUG:colcon.colcon_core.package_identification:Package 'src/pymoveit2' with type 'ros.ament_cmake' and name 'pymoveit2'
[0.184s] Level 1:colcon.colcon_core.package_discovery:discover_packages(recursive) using defaults
[0.184s] Level 1:colcon.colcon_core.package_discovery:discover_packages(ignore) discover
[0.184s] Level 1:colcon.colcon_core.package_discovery:discover_packages(ignore) using defaults
[0.184s] Level 1:colcon.colcon_core.package_discovery:discover_packages(path) discover
[0.184s] Level 1:colcon.colcon_core.package_discovery:discover_packages(path) using defaults
[0.201s] Level 1:colcon.colcon_core.package_discovery:discover_packages(prefix_path) check parameters
[0.201s] Level 1:colcon.colcon_core.package_discovery:discover_packages(prefix_path) discover
[0.204s] DEBUG:colcon.colcon_installed_package_information.package_discovery:Found 404 installed packages in /opt/ros/jazzy
[0.205s] Level 1:colcon.colcon_core.package_discovery:discover_packages(prefix_path) using defaults
[0.258s] Level 5:colcon.colcon_core.verb:set package 'panda_description' build argument 'cmake_args' from command line to 'None'
[0.258s] Level 5:colcon.colcon_core.verb:set package 'panda_description' build argument 'cmake_target' from command line to 'None'
[0.258s] Level 5:colcon.colcon_core.verb:set package 'panda_description' build argument 'cmake_target_skip_unavailable' from command line to 'False'
[0.259s] Level 5:colcon.colcon_core.verb:set package 'panda_description' build argument 'cmake_clean_cache' from command line to 'False'
[0.259s] Level 5:colcon.colcon_core.verb:set package 'panda_description' build argument 'cmake_clean_first' from command line to 'False'
[0.259s] Level 5:colcon.colcon_core.verb:set package 'panda_description' build argument 'cmake_force_configure' from command line to 'False'
[0.259s] Level 5:colcon.colcon_core.verb:set package 'panda_description' build argument 'ament_cmake_args' from command line to 'None'
[0.259s] Level 5:colcon.colcon_core.verb:set package 'panda_description' build argument 'catkin_cmake_args' from command line to 'None'
[0.259s] Level 5:colcon.colcon_core.verb:set package 'panda_description' build argument 'catkin_skip_building_tests' from command line to 'False'
[0.259s] DEBUG:colcon.colcon_core.verb:Building package 'panda_description' with the following arguments: {'ament_cmake_args': None, 'build_base': '/home/minhquang/ros2_panda/build/panda_description', 'catkin_cmake_args': None, 'catkin_skip_building_tests': False, 'cmake_args': None, 'cmake_clean_cache': False, 'cmake_clean_first': False, 'cmake_force_configure': False, 'cmake_target': None, 'cmake_target_skip_unavailable': False, 'install_base': '/home/minhquang/ros2_panda/install/panda_description', 'merge_install': False, 'path': '/home/minhquang/ros2_panda/src/panda_description', 'symlink_install': False, 'test_result_base': None}
[0.259s] Level 5:colcon.colcon_core.verb:set package 'panda_vision' build argument 'cmake_args' from command line to 'None'
[0.259s] Level 5:colcon.colcon_core.verb:set package 'panda_vision' build argument 'cmake_target' from command line to 'None'
[0.259s] Level 5:colcon.colcon_core.verb:set package 'panda_vision' build argument 'cmake_target_skip_unavailable' from command line to 'False'
[0.259s] Level 5:colcon.colcon_core.verb:set package 'panda_vision' build argument 'cmake_clean_cache' from command line to 'False'
[0.259s] Level 5:colcon.colcon_core.verb:set package 'panda_vision' build argument 'cmake_clean_first' from command line to 'False'
[0.259s] Level 5:colcon.colcon_core.verb:set package 'panda_vision' build argument 'cmake_force_configure' from command line to 'False'
[0.259s] Level 5:colcon.colcon_core.verb:set package 'panda_vision' build argument 'ament_cmake_args' from command line to 'None'
[0.259s] Level 5:colcon.colcon_core.verb:set package 'panda_vision' build argument 'catkin_cmake_args' from command line to 'None'
[0.259s] Level 5:colcon.colcon_core.verb:set package 'panda_vision' build argument 'catkin_skip_building_tests' from command line to 'False'
[0.259s] DEBUG:colcon.colcon_core.verb:Building package 'panda_vision' with the following arguments: {'ament_cmake_args': None, 'build_base': '/home/minhquang/ros2_panda/build/panda_vision', 'catkin_cmake_args': None, 'catkin_skip_building_tests': False, 'cmake_args': None, 'cmake_clean_cache': False, 'cmake_clean_first': False, 'cmake_force_configure': False, 'cmake_target': None, 'cmake_target_skip_unavailable': False, 'install_base': '/home/minhquang/ros2_panda/install/panda_vision', 'merge_install': False, 'path': '/home/minhquang/ros2_panda/src/panda_vision', 'symlink_install': False, 'test_result_base': None}
[0.259s] Level 5:colcon.colcon_core.verb:set package 'pymoveit2' build argument 'cmake_args' from command line to 'None'
[0.259s] Level 5:colcon.colcon_core.verb:set package 'pymoveit2' build argument 'cmake_target' from command line to 'None'
[0.259s] Level 5:colcon.colcon_core.verb:set package 'pymoveit2' build argument 'cmake_target_skip_unavailable' from command line to 'False'
[0.259s] Level 5:colcon.colcon_core.verb:set package 'pymoveit2' build argument 'cmake_clean_cache' from command line to 'False'
[0.259s] Level 5:colcon.colcon_core.verb:set package 'pymoveit2' build argument 'cmake_clean_first' from command line to 'False'
[0.259s] Level 5:colcon.colcon_core.verb:set package 'pymoveit2' build argument 'cmake_force_configure' from command line to 'False'
[0.259s] Level 5:colcon.colcon_core.verb:set package 'pymoveit2' build argument 'ament_cmake_args' from command line to 'None'
[0.259s] Level 5:colcon.colcon_core.verb:set package 'pymoveit2' build argument 'catkin_cmake_args' from command line to 'None'
[0.259s] Level 5:colcon.colcon_core.verb:set package 'pymoveit2' build argument 'catkin_skip_building_tests' from command line to 'False'
[0.260s] DEBUG:colcon.colcon_core.verb:Building package 'pymoveit2' with the following arguments: {'ament_cmake_args': None, 'build_base': '/home/minhquang/ros2_panda/build/pymoveit2', 'catkin_cmake_args': None, 'catkin_skip_building_tests': False, 'cmake_args': None, 'cmake_clean_cache': False, 'cmake_clean_first': False, 'cmake_force_configure': False, 'cmake_target': None, 'cmake_target_skip_unavailable': False, 'install_base': '/home/minhquang/ros2_panda/install/pymoveit2', 'merge_install': False, 'path': '/home/minhquang/ros2_panda/src/pymoveit2', 'symlink_install': False, 'test_result_base': None}
[0.260s] Level 5:colcon.colcon_core.verb:set package 'panda_controller' build argument 'cmake_args' from command line to 'None'
[0.260s] Level 5:colcon.colcon_core.verb:set package 'panda_controller' build argument 'cmake_target' from command line to 'None'
[0.260s] Level 5:colcon.colcon_core.verb:set package 'panda_controller' build argument 'cmake_target_skip_unavailable' from command line to 'False'
[0.260s] Level 5:colcon.colcon_core.verb:set package 'panda_controller' build argument 'cmake_clean_cache' from command line to 'False'
[0.260s] Level 5:colcon.colcon_core.verb:set package 'panda_controller' build argument 'cmake_clean_first' from command line to 'False'
[0.260s] Level 5:colcon.colcon_core.verb:set package 'panda_controller' build argument 'cmake_force_configure' from command line to 'False'
[0.260s] Level 5:colcon.colcon_core.verb:set package 'panda_controller' build argument 'ament_cmake_args' from command line to 'None'
[0.260s] Level 5:colcon.colcon_core.verb:set package 'panda_controller' build argument 'catkin_cmake_args' from command line to 'None'
[0.260s] Level 5:colcon.colcon_core.verb:set package 'panda_controller' build argument 'catkin_skip_building_tests' from command line to 'False'
[0.260s] DEBUG:colcon.colcon_core.verb:Building package 'panda_controller' with the following arguments: {'ament_cmake_args': None, 'build_base': '/home/minhquang/ros2_panda/build/panda_controller', 'catkin_cmake_args': None, 'catkin_skip_building_tests': False, 'cmake_args': None, 'cmake_clean_cache': False, 'cmake_clean_first': False, 'cmake_force_configure': False, 'cmake_target': None, 'cmake_target_skip_unavailable': False, 'install_base': '/home/minhquang/ros2_panda/install/panda_controller', 'merge_install': False, 'path': '/home/minhquang/ros2_panda/src/panda_controller', 'symlink_install': False, 'test_result_base': None}
[0.260s] Level 5:colcon.colcon_core.verb:set package 'panda_moveit' build argument 'cmake_args' from command line to 'None'
[0.260s] Level 5:colcon.colcon_core.verb:set package 'panda_moveit' build argument 'cmake_target' from command line to 'None'
[0.260s] Level 5:colcon.colcon_core.verb:set package 'panda_moveit' build argument 'cmake_target_skip_unavailable' from command line to 'False'
[0.260s] Level 5:colcon.colcon_core.verb:set package 'panda_moveit' build argument 'cmake_clean_cache' from command line to 'False'
[0.260s] Level 5:colcon.colcon_core.verb:set package 'panda_moveit' build argument 'cmake_clean_first' from command line to 'False'
[0.260s] Level 5:colcon.colcon_core.verb:set package 'panda_moveit' build argument 'cmake_force_configure' from command line to 'False'
[0.260s] Level 5:colcon.colcon_core.verb:set package 'panda_moveit' build argument 'ament_cmake_args' from command line to 'None'
[0.260s] Level 5:colcon.colcon_core.verb:set package 'panda_moveit' build argument 'catkin_cmake_args' from command line to 'None'
[0.260s] Level 5:colcon.colcon_core.verb:set package 'panda_moveit' build argument 'catkin_skip_building_tests' from command line to 'False'
[0.260s] DEBUG:colcon.colcon_core.verb:Building package 'panda_moveit' with the following arguments: {'ament_cmake_args': None, 'build_base': '/home/minhquang/ros2_panda/build/panda_moveit', 'catkin_cmake_args': None, 'catkin_skip_building_tests': False, 'cmake_args': None, 'cmake_clean_cache': False, 'cmake_clean_first': False, 'cmake_force_configure': False, 'cmake_target': None, 'cmake_target_skip_unavailable': False, 'install_base': '/home/minhquang/ros2_panda/install/panda_moveit', 'merge_install': False, 'path': '/home/minhquang/ros2_panda/src/panda_moveit', 'symlink_install': False, 'test_result_base': None}
[0.261s] Level 5:colcon.colcon_core.verb:set package 'panda_bringup' build argument 'cmake_args' from command line to 'None'
[0.261s] Level 5:colcon.colcon_core.verb:set package 'panda_bringup' build argument 'cmake_target' from command line to 'None'
[0.261s] Level 5:colcon.colcon_core.verb:set package 'panda_bringup' build argument 'cmake_target_skip_unavailable' from command line to 'False'
[0.261s] Level 5:colcon.colcon_core.verb:set package 'panda_bringup' build argument 'cmake_clean_cache' from command line to 'False'
[0.261s] Level 5:colcon.colcon_core.verb:set package 'panda_bringup' build argument 'cmake_clean_first' from command line to 'False'
[0.261s] Level 5:colcon.colcon_core.verb:set package 'panda_bringup' build argument 'cmake_force_configure' from command line to 'False'
[0.261s] Level 5:colcon.colcon_core.verb:set package 'panda_bringup' build argument 'ament_cmake_args' from command line to 'None'
[0.261s] Level 5:colcon.colcon_core.verb:set package 'panda_bringup' build argument 'catkin_cmake_args' from command line to 'None'
[0.261s] Level 5:colcon.colcon_core.verb:set package 'panda_bringup' build argument 'catkin_skip_building_tests' from command line to 'False'
[0.261s] DEBUG:colcon.colcon_core.verb:Building package 'panda_bringup' with the following arguments: {'ament_cmake_args': None, 'build_base': '/home/minhquang/ros2_panda/build/panda_bringup', 'catkin_cmake_args': None, 'catkin_skip_building_tests': False, 'cmake_args': None, 'cmake_clean_cache': False, 'cmake_clean_first': False, 'cmake_force_configure': False, 'cmake_target': None, 'cmake_target_skip_unavailable': False, 'install_base': '/home/minhquang/ros2_panda/install/panda_bringup', 'merge_install': False, 'path': '/home/minhquang/ros2_panda/src/panda_bringup', 'symlink_install': False, 'test_result_base': None}
[0.261s] INFO:colcon.colcon_core.executor:Executing jobs using 'parallel' executor
[0.262s] DEBUG:colcon.colcon_parallel_executor.executor.parallel:run_until_complete
[0.262s] INFO:colcon.colcon_ros.task.ament_cmake.build:Building ROS package in '/home/minhquang/ros2_panda/src/panda_description' with build type 'ament_cmake'
[0.262s] INFO:colcon.colcon_cmake.task.cmake.build:Building CMake package in '/home/minhquang/ros2_panda/src/panda_description'
[0.264s] INFO:colcon.colcon_core.plugin_system:Skipping extension 'colcon_core.shell.bat': Not used on non-Windows systems
[0.264s] INFO:colcon.colcon_core.shell:Skip shell extension 'powershell' for command environment: Not usable outside of PowerShell
[0.264s] DEBUG:colcon.colcon_core.shell:Skip shell extension 'dsv' for command environment
[0.268s] INFO:colcon.colcon_ros.task.ament_python.build:Building ROS package in '/home/minhquang/ros2_panda/src/panda_vision' with build type 'ament_python'
[0.268s] Level 1:colcon.colcon_core.shell:create_environment_hook('panda_vision', 'ament_prefix_path')
[0.269s] INFO:colcon.colcon_core.shell:Creating environment hook '/home/minhquang/ros2_panda/install/panda_vision/share/panda_vision/hook/ament_prefix_path.ps1'
[0.269s] INFO:colcon.colcon_core.shell:Creating environment descriptor '/home/minhquang/ros2_panda/install/panda_vision/share/panda_vision/hook/ament_prefix_path.dsv'
[0.270s] INFO:colcon.colcon_core.shell:Creating environment hook '/home/minhquang/ros2_panda/install/panda_vision/share/panda_vision/hook/ament_prefix_path.sh'
[0.270s] INFO:colcon.colcon_core.shell:Skip shell extension 'powershell' for command environment: Not usable outside of PowerShell
[0.270s] DEBUG:colcon.colcon_core.shell:Skip shell extension 'dsv' for command environment
[0.273s] INFO:colcon.colcon_ros.task.ament_cmake.build:Building ROS package in '/home/minhquang/ros2_panda/src/pymoveit2' with build type 'ament_cmake'
[0.274s] INFO:colcon.colcon_cmake.task.cmake.build:Building CMake package in '/home/minhquang/ros2_panda/src/pymoveit2'
[0.274s] INFO:colcon.colcon_core.shell:Skip shell extension 'powershell' for command environment: Not usable outside of PowerShell
[0.274s] DEBUG:colcon.colcon_core.shell:Skip shell extension 'dsv' for command environment
[0.280s] DEBUG:colcon.colcon_core.event_handler.log_command:Invoking command in '/home/minhquang/ros2_panda/build/panda_description': CMAKE_PREFIX_PATH=${CMAKE_PREFIX_PATH}:/opt/ros/jazzy DEBUGINFOD_URLS=https://debuginfod.ubuntu.com /usr/bin/cmake /home/minhquang/ros2_panda/src/panda_description -DCMAKE_INSTALL_PREFIX=/home/minhquang/ros2_panda/install/panda_description
[0.515s] INFO:colcon.colcon_core.task.python.build:Building Python package in '/home/minhquang/ros2_panda/src/panda_vision'
[0.516s] INFO:colcon.colcon_core.shell:Skip shell extension 'powershell' for command environment: Not usable outside of PowerShell
[0.516s] DEBUG:colcon.colcon_core.shell:Skip shell extension 'dsv' for command environment
[0.525s] DEBUG:colcon.colcon_core.event_handler.log_command:Invoking command in '/home/minhquang/ros2_panda/build/pymoveit2': CMAKE_PREFIX_PATH=${CMAKE_PREFIX_PATH}:/opt/ros/jazzy DEBUGINFOD_URLS=https://debuginfod.ubuntu.com /usr/bin/cmake /home/minhquang/ros2_panda/src/pymoveit2 -DCMAKE_INSTALL_PREFIX=/home/minhquang/ros2_panda/install/pymoveit2
[1.135s] DEBUG:colcon.colcon_core.event_handler.log_command:Invoked command in '/home/minhquang/ros2_panda/build/panda_description' returned '0': CMAKE_PREFIX_PATH=${CMAKE_PREFIX_PATH}:/opt/ros/jazzy DEBUGINFOD_URLS=https://debuginfod.ubuntu.com /usr/bin/cmake /home/minhquang/ros2_panda/src/panda_description -DCMAKE_INSTALL_PREFIX=/home/minhquang/ros2_panda/install/panda_description
[1.136s] DEBUG:colcon.colcon_core.event_handler.log_command:Invoking command in '/home/minhquang/ros2_panda/build/panda_description': CMAKE_PREFIX_PATH=${CMAKE_PREFIX_PATH}:/opt/ros/jazzy DEBUGINFOD_URLS=https://debuginfod.ubuntu.com /usr/bin/cmake --build /home/minhquang/ros2_panda/build/panda_description -- -j8 -l8
[1.179s] DEBUG:colcon.colcon_core.event_handler.log_command:Invoked command in '/home/minhquang/ros2_panda/build/panda_description' returned '0': CMAKE_PREFIX_PATH=${CMAKE_PREFIX_PATH}:/opt/ros/jazzy DEBUGINFOD_URLS=https://debuginfod.ubuntu.com /usr/bin/cmake --build /home/minhquang/ros2_panda/build/panda_description -- -j8 -l8
[1.189s] DEBUG:colcon.colcon_core.event_handler.log_command:Invoking command in '/home/minhquang/ros2_panda/build/panda_description': CMAKE_PREFIX_PATH=${CMAKE_PREFIX_PATH}:/opt/ros/jazzy DEBUGINFOD_URLS=https://debuginfod.ubuntu.com /usr/bin/cmake --install /home/minhquang/ros2_panda/build/panda_description
[1.218s] Level 1:colcon.colcon_core.environment:create_environment_scripts_only(panda_description)
[1.218s] DEBUG:colcon.colcon_core.event_handler.log_command:Invoked command in '/home/minhquang/ros2_panda/build/panda_description' returned '0': CMAKE_PREFIX_PATH=${CMAKE_PREFIX_PATH}:/opt/ros/jazzy DEBUGINFOD_URLS=https://debuginfod.ubuntu.com /usr/bin/cmake --install /home/minhquang/ros2_panda/build/panda_description
[1.220s] Level 1:colcon.colcon_core.environment:checking '/home/minhquang/ros2_panda/install/panda_description' for CMake module files
[1.221s] Level 1:colcon.colcon_core.environment:checking '/home/minhquang/ros2_panda/install/panda_description' for CMake config files
[1.221s] Level 1:colcon.colcon_core.shell:create_environment_hook('panda_description', 'cmake_prefix_path')
[1.221s] INFO:colcon.colcon_core.shell:Creating environment hook '/home/minhquang/ros2_panda/install/panda_description/share/panda_description/hook/cmake_prefix_path.ps1'
[1.221s] INFO:colcon.colcon_core.shell:Creating environment descriptor '/home/minhquang/ros2_panda/install/panda_description/share/panda_description/hook/cmake_prefix_path.dsv'
[1.222s] INFO:colcon.colcon_core.shell:Creating environment hook '/home/minhquang/ros2_panda/install/panda_description/share/panda_description/hook/cmake_prefix_path.sh'
[1.222s] Level 1:colcon.colcon_core.environment:checking '/home/minhquang/ros2_panda/install/panda_description/bin'
[1.222s] Level 1:colcon.colcon_core.environment:checking '/home/minhquang/ros2_panda/install/panda_description/lib/pkgconfig/panda_description.pc'
[1.223s] Level 1:colcon.colcon_core.environment:checking '/home/minhquang/ros2_panda/install/panda_description/lib/python3.12/site-packages'
[1.223s] Level 1:colcon.colcon_core.environment:checking '/home/minhquang/ros2_panda/install/panda_description/bin'
[1.223s] INFO:colcon.colcon_core.shell:Creating package script '/home/minhquang/ros2_panda/install/panda_description/share/panda_description/package.ps1'
[1.224s] INFO:colcon.colcon_core.shell:Creating package descriptor '/home/minhquang/ros2_panda/install/panda_description/share/panda_description/package.dsv'
[1.224s] INFO:colcon.colcon_core.shell:Creating package script '/home/minhquang/ros2_panda/install/panda_description/share/panda_description/package.sh'
[1.225s] INFO:colcon.colcon_core.shell:Creating package script '/home/minhquang/ros2_panda/install/panda_description/share/panda_description/package.bash'
[1.225s] INFO:colcon.colcon_core.shell:Creating package script '/home/minhquang/ros2_panda/install/panda_description/share/panda_description/package.zsh'
[1.226s] Level 1:colcon.colcon_core.environment:create_file_with_runtime_dependencies(/home/minhquang/ros2_panda/install/panda_description/share/colcon-core/packages/panda_description)
[1.226s] Level 1:colcon.colcon_core.environment:create_environment_scripts_only(panda_description)
[1.226s] Level 1:colcon.colcon_core.environment:checking '/home/minhquang/ros2_panda/install/panda_description' for CMake module files
[1.227s] Level 1:colcon.colcon_core.environment:checking '/home/minhquang/ros2_panda/install/panda_description' for CMake config files
[1.227s] Level 1:colcon.colcon_core.shell:create_environment_hook('panda_description', 'cmake_prefix_path')
[1.227s] INFO:colcon.colcon_core.shell:Creating environment hook '/home/minhquang/ros2_panda/install/panda_description/share/panda_description/hook/cmake_prefix_path.ps1'
[1.227s] INFO:colcon.colcon_core.shell:Creating environment descriptor '/home/minhquang/ros2_panda/install/panda_description/share/panda_description/hook/cmake_prefix_path.dsv'
[1.228s] INFO:colcon.colcon_core.shell:Creating environment hook '/home/minhquang/ros2_panda/install/panda_description/share/panda_description/hook/cmake_prefix_path.sh'
[1.228s] Level 1:colcon.colcon_core.environment:checking '/home/minhquang/ros2_panda/install/panda_description/bin'
[1.228s] Level 1:colcon.colcon_core.environment:checking '/home/minhquang/ros2_panda/install/panda_description/lib/pkgconfig/panda_description.pc'
[1.229s] Level 1:colcon.colcon_core.environment:checking '/home/minhquang/ros2_panda/install/panda_description/lib/python3.12/site-packages'
[1.229s] Level 1:colcon.colcon_core.environment:checking '/home/minhquang/ros2_panda/install/panda_description/bin'
[1.229s] INFO:colcon.colcon_core.shell:Creating package script '/home/minhquang/ros2_panda/install/panda_description/share/panda_description/package.ps1'
[1.230s] INFO:colcon.colcon_core.shell:Creating package descriptor '/home/minhquang/ros2_panda/install/panda_description/share/panda_description/package.dsv'
[1.230s] INFO:colcon.colcon_core.shell:Creating package script '/home/minhquang/ros2_panda/install/panda_description/share/panda_description/package.sh'
[1.230s] INFO:colcon.colcon_core.shell:Creating package script '/home/minhquang/ros2_panda/install/panda_description/share/panda_description/package.bash'
[1.231s] INFO:colcon.colcon_core.shell:Creating package script '/home/minhquang/ros2_panda/install/panda_description/share/panda_description/package.zsh'
[1.231s] Level 1:colcon.colcon_core.environment:create_file_with_runtime_dependencies(/home/minhquang/ros2_panda/install/panda_description/share/colcon-core/packages/panda_description)
[1.231s] INFO:colcon.colcon_ros.task.ament_cmake.build:Building ROS package in '/home/minhquang/ros2_panda/src/panda_controller' with build type 'ament_cmake'
[1.232s] INFO:colcon.colcon_cmake.task.cmake.build:Building CMake package in '/home/minhquang/ros2_panda/src/panda_controller'
[1.232s] INFO:colcon.colcon_core.shell:Skip shell extension 'powershell' for command environment: Not usable outside of PowerShell
[1.232s] DEBUG:colcon.colcon_core.shell:Skip shell extension 'dsv' for command environment
[1.236s] INFO:colcon.colcon_ros.task.ament_cmake.build:Building ROS package in '/home/minhquang/ros2_panda/src/panda_moveit' with build type 'ament_cmake'
[1.236s] INFO:colcon.colcon_cmake.task.cmake.build:Building CMake package in '/home/minhquang/ros2_panda/src/panda_moveit'
[1.237s] INFO:colcon.colcon_core.shell:Skip shell extension 'powershell' for command environment: Not usable outside of PowerShell
[1.237s] DEBUG:colcon.colcon_core.shell:Skip shell extension 'dsv' for command environment
[1.245s] DEBUG:colcon.colcon_core.event_handler.log_command:Invoking command in '/home/minhquang/ros2_panda/build/panda_controller': AMENT_PREFIX_PATH=/home/minhquang/ros2_panda/install/panda_description:${AMENT_PREFIX_PATH} CMAKE_PREFIX_PATH=/home/minhquang/ros2_panda/install/panda_description:/opt/ros/jazzy/opt/gz_sim_vendor:/opt/ros/jazzy/opt/gz_sensors_vendor:/opt/ros/jazzy/opt/gz_physics_vendor:/opt/ros/jazzy/opt/sdformat_vendor:/opt/ros/jazzy/opt/gz_gui_vendor:/opt/ros/jazzy/opt/gz_transport_vendor:/opt/ros/jazzy/opt/gz_rendering_vendor:/opt/ros/jazzy/opt/gz_plugin_vendor:/opt/ros/jazzy/opt/gz_fuel_tools_vendor:/opt/ros/jazzy/opt/gz_msgs_vendor:/opt/ros/jazzy/opt/gz_common_vendor:/opt/ros/jazzy/opt/gz_math_vendor:/opt/ros/jazzy/opt/gz_utils_vendor:/opt/ros/jazzy/opt/gz_tools_vendor:/opt/ros/jazzy/opt/gz_ogre_next_vendor:/opt/ros/jazzy/opt/gz_dartsim_vendor:/opt/ros/jazzy/opt/gz_cmake_vendor:/opt/ros/jazzy DEBUGINFOD_URLS=https://debuginfod.ubuntu.com /usr/bin/cmake /home/minhquang/ros2_panda/src/panda_controller -DCMAKE_INSTALL_PREFIX=/home/minhquang/ros2_panda/install/panda_controller
[1.247s] DEBUG:colcon.colcon_core.event_handler.log_command:Invoking command in '/home/minhquang/ros2_panda/build/panda_moveit': AMENT_PREFIX_PATH=/home/minhquang/ros2_panda/install/panda_description:${AMENT_PREFIX_PATH} CMAKE_PREFIX_PATH=/home/minhquang/ros2_panda/install/panda_description:/opt/ros/jazzy/opt/gz_sim_vendor:/opt/ros/jazzy/opt/gz_sensors_vendor:/opt/ros/jazzy/opt/gz_physics_vendor:/opt/ros/jazzy/opt/sdformat_vendor:/opt/ros/jazzy/opt/gz_gui_vendor:/opt/ros/jazzy/opt/gz_transport_vendor:/opt/ros/jazzy/opt/gz_rendering_vendor:/opt/ros/jazzy/opt/gz_plugin_vendor:/opt/ros/jazzy/opt/gz_fuel_tools_vendor:/opt/ros/jazzy/opt/gz_msgs_vendor:/opt/ros/jazzy/opt/gz_common_vendor:/opt/ros/jazzy/opt/gz_math_vendor:/opt/ros/jazzy/opt/gz_utils_vendor:/opt/ros/jazzy/opt/gz_tools_vendor:/opt/ros/jazzy/opt/gz_ogre_next_vendor:/opt/ros/jazzy/opt/gz_dartsim_vendor:/opt/ros/jazzy/opt/gz_cmake_vendor:/opt/ros/jazzy DEBUGINFOD_URLS=https://debuginfod.ubuntu.com /usr/bin/cmake /home/minhquang/ros2_panda/src/panda_moveit -DCMAKE_INSTALL_PREFIX=/home/minhquang/ros2_panda/install/panda_moveit
[1.432s] DEBUG:colcon.colcon_core.event_handler.log_command:Invoking command in '/home/minhquang/ros2_panda/src/panda_vision': DEBUGINFOD_URLS=https://debuginfod.ubuntu.com PYTHONPATH=/home/minhquang/ros2_panda/build/panda_vision/prefix_override:/usr/lib/python3/dist-packages/colcon_core/task/python/colcon_distutils_commands:/home/minhquang/ros2_panda/install/panda_vision/lib/python3.12/site-packages:${PYTHONPATH} /usr/bin/python3 -W ignore:setup.py install is deprecated -W ignore:easy_install command is deprecated setup.py egg_info --egg-base ../../build/panda_vision build --build-base /home/minhquang/ros2_panda/build/panda_vision/build install --record /home/minhquang/ros2_panda/build/panda_vision/install.log --single-version-externally-managed install_data
[1.556s] DEBUG:colcon.colcon_core.event_handler.log_command:Invoked command in '/home/minhquang/ros2_panda/build/pymoveit2' returned '0': CMAKE_PREFIX_PATH=${CMAKE_PREFIX_PATH}:/opt/ros/jazzy DEBUGINFOD_URLS=https://debuginfod.ubuntu.com /usr/bin/cmake /home/minhquang/ros2_panda/src/pymoveit2 -DCMAKE_INSTALL_PREFIX=/home/minhquang/ros2_panda/install/pymoveit2
[1.557s] DEBUG:colcon.colcon_core.event_handler.log_command:Invoking command in '/home/minhquang/ros2_panda/build/pymoveit2': CMAKE_PREFIX_PATH=${CMAKE_PREFIX_PATH}:/opt/ros/jazzy DEBUGINFOD_URLS=https://debuginfod.ubuntu.com /usr/bin/cmake --build /home/minhquang/ros2_panda/build/pymoveit2 -- -j8 -l8
[2.033s] DEBUG:colcon.colcon_core.event_handler.log_command:Invoked command in '/home/minhquang/ros2_panda/build/pymoveit2' returned '0': CMAKE_PREFIX_PATH=${CMAKE_PREFIX_PATH}:/opt/ros/jazzy DEBUGINFOD_URLS=https://debuginfod.ubuntu.com /usr/bin/cmake --build /home/minhquang/ros2_panda/build/pymoveit2 -- -j8 -l8
[2.035s] DEBUG:colcon.colcon_core.event_handler.log_command:Invoking command in '/home/minhquang/ros2_panda/build/pymoveit2': CMAKE_PREFIX_PATH=${CMAKE_PREFIX_PATH}:/opt/ros/jazzy DEBUGINFOD_URLS=https://debuginfod.ubuntu.com /usr/bin/cmake --install /home/minhquang/ros2_panda/build/pymoveit2
[2.134s] Level 1:colcon.colcon_core.environment:create_environment_scripts_only(pymoveit2)
[2.135s] DEBUG:colcon.colcon_core.event_handler.log_command:Invoked command in '/home/minhquang/ros2_panda/build/pymoveit2' returned '0': CMAKE_PREFIX_PATH=${CMAKE_PREFIX_PATH}:/opt/ros/jazzy DEBUGINFOD_URLS=https://debuginfod.ubuntu.com /usr/bin/cmake --install /home/minhquang/ros2_panda/build/pymoveit2
[2.135s] Level 1:colcon.colcon_core.environment:checking '/home/minhquang/ros2_panda/install/pymoveit2' for CMake module files
[2.137s] Level 1:colcon.colcon_core.environment:checking '/home/minhquang/ros2_panda/install/pymoveit2' for CMake config files
[2.137s] Level 1:colcon.colcon_core.shell:create_environment_hook('pymoveit2', 'cmake_prefix_path')
[2.138s] INFO:colcon.colcon_core.shell:Creating environment hook '/home/minhquang/ros2_panda/install/pymoveit2/share/pymoveit2/hook/cmake_prefix_path.ps1'
[2.139s] INFO:colcon.colcon_core.shell:Creating environment descriptor '/home/minhquang/ros2_panda/install/pymoveit2/share/pymoveit2/hook/cmake_prefix_path.dsv'
[2.139s] INFO:colcon.colcon_core.shell:Creating environment hook '/home/minhquang/ros2_panda/install/pymoveit2/share/pymoveit2/hook/cmake_prefix_path.sh'
[2.140s] Level 1:colcon.colcon_core.environment:checking '/home/minhquang/ros2_panda/install/pymoveit2/lib'
[2.140s] Level 1:colcon.colcon_core.environment:checking '/home/minhquang/ros2_panda/install/pymoveit2/bin'
[2.140s] Level 1:colcon.colcon_core.environment:checking '/home/minhquang/ros2_panda/install/pymoveit2/lib/pkgconfig/pymoveit2.pc'
[2.141s] Level 1:colcon.colcon_core.environment:checking '/home/minhquang/ros2_panda/install/pymoveit2/lib/python3.12/site-packages'
[2.141s] Level 1:colcon.colcon_core.shell:create_environment_hook('pymoveit2', 'pythonpath')
[2.141s] INFO:colcon.colcon_core.shell:Creating environment hook '/home/minhquang/ros2_panda/install/pymoveit2/share/pymoveit2/hook/pythonpath.ps1'
[2.142s] INFO:colcon.colcon_core.shell:Creating environment descriptor '/home/minhquang/ros2_panda/install/pymoveit2/share/pymoveit2/hook/pythonpath.dsv'
[2.142s] INFO:colcon.colcon_core.shell:Creating environment hook '/home/minhquang/ros2_panda/install/pymoveit2/share/pymoveit2/hook/pythonpath.sh'
[2.143s] Level 1:colcon.colcon_core.environment:checking '/home/minhquang/ros2_panda/install/pymoveit2/bin'
[2.143s] INFO:colcon.colcon_core.shell:Creating package script '/home/minhquang/ros2_panda/install/pymoveit2/share/pymoveit2/package.ps1'
[2.144s] INFO:colcon.colcon_core.shell:Creating package descriptor '/home/minhquang/ros2_panda/install/pymoveit2/share/pymoveit2/package.dsv'
[2.144s] INFO:colcon.colcon_core.shell:Creating package script '/home/minhquang/ros2_panda/install/pymoveit2/share/pymoveit2/package.sh'
[2.145s] INFO:colcon.colcon_core.shell:Creating package script '/home/minhquang/ros2_panda/install/pymoveit2/share/pymoveit2/package.bash'
[2.145s] INFO:colcon.colcon_core.shell:Creating package script '/home/minhquang/ros2_panda/install/pymoveit2/share/pymoveit2/package.zsh'
[2.146s] Level 1:colcon.colcon_core.environment:create_file_with_runtime_dependencies(/home/minhquang/ros2_panda/install/pymoveit2/share/colcon-core/packages/pymoveit2)
[2.146s] Level 1:colcon.colcon_core.environment:create_environment_scripts_only(pymoveit2)
[2.146s] Level 1:colcon.colcon_core.environment:checking '/home/minhquang/ros2_panda/install/pymoveit2' for CMake module files
[2.147s] Level 1:colcon.colcon_core.environment:checking '/home/minhquang/ros2_panda/install/pymoveit2' for CMake config files
[2.147s] Level 1:colcon.colcon_core.shell:create_environment_hook('pymoveit2', 'cmake_prefix_path')
[2.148s] INFO:colcon.colcon_core.shell:Creating environment hook '/home/minhquang/ros2_panda/install/pymoveit2/share/pymoveit2/hook/cmake_prefix_path.ps1'
[2.148s] INFO:colcon.colcon_core.shell:Creating environment descriptor '/home/minhquang/ros2_panda/install/pymoveit2/share/pymoveit2/hook/cmake_prefix_path.dsv'
[2.148s] INFO:colcon.colcon_core.shell:Creating environment hook '/home/minhquang/ros2_panda/install/pymoveit2/share/pymoveit2/hook/cmake_prefix_path.sh'
[2.149s] Level 1:colcon.colcon_core.environment:checking '/home/minhquang/ros2_panda/install/pymoveit2/lib'
[2.149s] Level 1:colcon.colcon_core.environment:checking '/home/minhquang/ros2_panda/install/pymoveit2/bin'
[2.149s] Level 1:colcon.colcon_core.environment:checking '/home/minhquang/ros2_panda/install/pymoveit2/lib/pkgconfig/pymoveit2.pc'
[2.149s] Level 1:colcon.colcon_core.environment:checking '/home/minhquang/ros2_panda/install/pymoveit2/lib/python3.12/site-packages'
[2.150s] Level 1:colcon.colcon_core.shell:create_environment_hook('pymoveit2', 'pythonpath')
[2.150s] INFO:colcon.colcon_core.shell:Creating environment hook '/home/minhquang/ros2_panda/install/pymoveit2/share/pymoveit2/hook/pythonpath.ps1'
[2.150s] INFO:colcon.colcon_core.shell:Creating environment descriptor '/home/minhquang/ros2_panda/install/pymoveit2/share/pymoveit2/hook/pythonpath.dsv'
[2.151s] INFO:colcon.colcon_core.shell:Creating environment hook '/home/minhquang/ros2_panda/install/pymoveit2/share/pymoveit2/hook/pythonpath.sh'
[2.151s] Level 1:colcon.colcon_core.environment:checking '/home/minhquang/ros2_panda/install/pymoveit2/bin'
[2.152s] INFO:colcon.colcon_core.shell:Creating package script '/home/minhquang/ros2_panda/install/pymoveit2/share/pymoveit2/package.ps1'
[2.152s] INFO:colcon.colcon_core.shell:Creating package descriptor '/home/minhquang/ros2_panda/install/pymoveit2/share/pymoveit2/package.dsv'
[2.153s] INFO:colcon.colcon_core.shell:Creating package script '/home/minhquang/ros2_panda/install/pymoveit2/share/pymoveit2/package.sh'
[2.153s] INFO:colcon.colcon_core.shell:Creating package script '/home/minhquang/ros2_panda/install/pymoveit2/share/pymoveit2/package.bash'
[2.154s] INFO:colcon.colcon_core.shell:Creating package script '/home/minhquang/ros2_panda/install/pymoveit2/share/pymoveit2/package.zsh'
[2.154s] Level 1:colcon.colcon_core.environment:create_file_with_runtime_dependencies(/home/minhquang/ros2_panda/install/pymoveit2/share/colcon-core/packages/pymoveit2)
[2.155s] Level 1:colcon.colcon_core.environment:checking '/home/minhquang/ros2_panda/install/panda_vision' for CMake module files
[2.157s] DEBUG:colcon.colcon_core.event_handler.log_command:Invoked command in '/home/minhquang/ros2_panda/src/panda_vision' returned '0': DEBUGINFOD_URLS=https://debuginfod.ubuntu.com PYTHONPATH=/home/minhquang/ros2_panda/build/panda_vision/prefix_override:/usr/lib/python3/dist-packages/colcon_core/task/python/colcon_distutils_commands:/home/minhquang/ros2_panda/install/panda_vision/lib/python3.12/site-packages:${PYTHONPATH} /usr/bin/python3 -W ignore:setup.py install is deprecated -W ignore:easy_install command is deprecated setup.py egg_info --egg-base ../../build/panda_vision build --build-base /home/minhquang/ros2_panda/build/panda_vision/build install --record /home/minhquang/ros2_panda/build/panda_vision/install.log --single-version-externally-managed install_data
[2.157s] Level 1:colcon.colcon_core.environment:checking '/home/minhquang/ros2_panda/install/panda_vision' for CMake config files
[2.158s] Level 1:colcon.colcon_core.environment:checking '/home/minhquang/ros2_panda/install/panda_vision/lib'
[2.158s] Level 1:colcon.colcon_core.environment:checking '/home/minhquang/ros2_panda/install/panda_vision/bin'
[2.158s] Level 1:colcon.colcon_core.environment:checking '/home/minhquang/ros2_panda/install/panda_vision/lib/pkgconfig/panda_vision.pc'
[2.159s] Level 1:colcon.colcon_core.environment:checking '/home/minhquang/ros2_panda/install/panda_vision/lib/python3.12/site-packages'
[2.159s] Level 1:colcon.colcon_core.shell:create_environment_hook('panda_vision', 'pythonpath')
[2.159s] INFO:colcon.colcon_core.shell:Creating environment hook '/home/minhquang/ros2_panda/install/panda_vision/share/panda_vision/hook/pythonpath.ps1'
[2.160s] INFO:colcon.colcon_core.shell:Creating environment descriptor '/home/minhquang/ros2_panda/install/panda_vision/share/panda_vision/hook/pythonpath.dsv'
[2.160s] INFO:colcon.colcon_core.shell:Creating environment hook '/home/minhquang/ros2_panda/install/panda_vision/share/panda_vision/hook/pythonpath.sh'
[2.161s] Level 1:colcon.colcon_core.environment:checking '/home/minhquang/ros2_panda/install/panda_vision/bin'
[2.161s] Level 1:colcon.colcon_core.environment:create_environment_scripts_only(panda_vision)
[2.162s] INFO:colcon.colcon_core.shell:Creating package script '/home/minhquang/ros2_panda/install/panda_vision/share/panda_vision/package.ps1'
[2.162s] INFO:colcon.colcon_core.shell:Creating package descriptor '/home/minhquang/ros2_panda/install/panda_vision/share/panda_vision/package.dsv'
[2.163s] INFO:colcon.colcon_core.shell:Creating package script '/home/minhquang/ros2_panda/install/panda_vision/share/panda_vision/package.sh'
[2.163s] INFO:colcon.colcon_core.shell:Creating package script '/home/minhquang/ros2_panda/install/panda_vision/share/panda_vision/package.bash'
[2.163s] INFO:colcon.colcon_core.shell:Creating package script '/home/minhquang/ros2_panda/install/panda_vision/share/panda_vision/package.zsh'
[2.164s] Level 1:colcon.colcon_core.environment:create_file_with_runtime_dependencies(/home/minhquang/ros2_panda/install/panda_vision/share/colcon-core/packages/panda_vision)
[2.194s] DEBUG:colcon.colcon_core.event_handler.log_command:Invoked command in '/home/minhquang/ros2_panda/build/panda_moveit' returned '0': AMENT_PREFIX_PATH=/home/minhquang/ros2_panda/install/panda_description:${AMENT_PREFIX_PATH} CMAKE_PREFIX_PATH=/home/minhquang/ros2_panda/install/panda_description:/opt/ros/jazzy/opt/gz_sim_vendor:/opt/ros/jazzy/opt/gz_sensors_vendor:/opt/ros/jazzy/opt/gz_physics_vendor:/opt/ros/jazzy/opt/sdformat_vendor:/opt/ros/jazzy/opt/gz_gui_vendor:/opt/ros/jazzy/opt/gz_transport_vendor:/opt/ros/jazzy/opt/gz_rendering_vendor:/opt/ros/jazzy/opt/gz_plugin_vendor:/opt/ros/jazzy/opt/gz_fuel_tools_vendor:/opt/ros/jazzy/opt/gz_msgs_vendor:/opt/ros/jazzy/opt/gz_common_vendor:/opt/ros/jazzy/opt/gz_math_vendor:/opt/ros/jazzy/opt/gz_utils_vendor:/opt/ros/jazzy/opt/gz_tools_vendor:/opt/ros/jazzy/opt/gz_ogre_next_vendor:/opt/ros/jazzy/opt/gz_dartsim_vendor:/opt/ros/jazzy/opt/gz_cmake_vendor:/opt/ros/jazzy DEBUGINFOD_URLS=https://debuginfod.ubuntu.com /usr/bin/cmake /home/minhquang/ros2_panda/src/panda_moveit -DCMAKE_INSTALL_PREFIX=/home/minhquang/ros2_panda/install/panda_moveit
[2.196s] DEBUG:colcon.colcon_core.event_handler.log_command:Invoking command in '/home/minhquang/ros2_panda/build/panda_moveit': AMENT_PREFIX_PATH=/home/minhquang/ros2_panda/install/panda_description:${AMENT_PREFIX_PATH} CMAKE_PREFIX_PATH=/home/minhquang/ros2_panda/install/panda_description:/opt/ros/jazzy/opt/gz_sim_vendor:/opt/ros/jazzy/opt/gz_sensors_vendor:/opt/ros/jazzy/opt/gz_physics_vendor:/opt/ros/jazzy/opt/sdformat_vendor:/opt/ros/jazzy/opt/gz_gui_vendor:/opt/ros/jazzy/opt/gz_transport_vendor:/opt/ros/jazzy/opt/gz_rendering_vendor:/opt/ros/jazzy/opt/gz_plugin_vendor:/opt/ros/jazzy/opt/gz_fuel_tools_vendor:/opt/ros/jazzy/opt/gz_msgs_vendor:/opt/ros/jazzy/opt/gz_common_vendor:/opt/ros/jazzy/opt/gz_math_vendor:/opt/ros/jazzy/opt/gz_utils_vendor:/opt/ros/jazzy/opt/gz_tools_vendor:/opt/ros/jazzy/opt/gz_ogre_next_vendor:/opt/ros/jazzy/opt/gz_dartsim_vendor:/opt/ros/jazzy/opt/gz_cmake_vendor:/opt/ros/jazzy DEBUGINFOD_URLS=https://debuginfod.ubuntu.com /usr/bin/cmake --build /home/minhquang/ros2_panda/build/panda_moveit -- -j8 -l8
[2.235s] DEBUG:colcon.colcon_core.event_handler.log_command:Invoked command in '/home/minhquang/ros2_panda/build/panda_moveit' returned '0': AMENT_PREFIX_PATH=/home/minhquang/ros2_panda/install/panda_description:${AMENT_PREFIX_PATH} CMAKE_PREFIX_PATH=/home/minhquang/ros2_panda/install/panda_description:/opt/ros/jazzy/opt/gz_sim_vendor:/opt/ros/jazzy/opt/gz_sensors_vendor:/opt/ros/jazzy/opt/gz_physics_vendor:/opt/ros/jazzy/opt/sdformat_vendor:/opt/ros/jazzy/opt/gz_gui_vendor:/opt/ros/jazzy/opt/gz_transport_vendor:/opt/ros/jazzy/opt/gz_rendering_vendor:/opt/ros/jazzy/opt/gz_plugin_vendor:/opt/ros/jazzy/opt/gz_fuel_tools_vendor:/opt/ros/jazzy/opt/gz_msgs_vendor:/opt/ros/jazzy/opt/gz_common_vendor:/opt/ros/jazzy/opt/gz_math_vendor:/opt/ros/jazzy/opt/gz_utils_vendor:/opt/ros/jazzy/opt/gz_tools_vendor:/opt/ros/jazzy/opt/gz_ogre_next_vendor:/opt/ros/jazzy/opt/gz_dartsim_vendor:/opt/ros/jazzy/opt/gz_cmake_vendor:/opt/ros/jazzy DEBUGINFOD_URLS=https://debuginfod.ubuntu.com /usr/bin/cmake --build /home/minhquang/ros2_panda/build/panda_moveit -- -j8 -l8
[2.237s] DEBUG:colcon.colcon_core.event_handler.log_command:Invoking command in '/home/minhquang/ros2_panda/build/panda_moveit': AMENT_PREFIX_PATH=/home/minhquang/ros2_panda/install/panda_description:${AMENT_PREFIX_PATH} CMAKE_PREFIX_PATH=/home/minhquang/ros2_panda/install/panda_description:/opt/ros/jazzy/opt/gz_sim_vendor:/opt/ros/jazzy/opt/gz_sensors_vendor:/opt/ros/jazzy/opt/gz_physics_vendor:/opt/ros/jazzy/opt/sdformat_vendor:/opt/ros/jazzy/opt/gz_gui_vendor:/opt/ros/jazzy/opt/gz_transport_vendor:/opt/ros/jazzy/opt/gz_rendering_vendor:/opt/ros/jazzy/opt/gz_plugin_vendor:/opt/ros/jazzy/opt/gz_fuel_tools_vendor:/opt/ros/jazzy/opt/gz_msgs_vendor:/opt/ros/jazzy/opt/gz_common_vendor:/opt/ros/jazzy/opt/gz_math_vendor:/opt/ros/jazzy/opt/gz_utils_vendor:/opt/ros/jazzy/opt/gz_tools_vendor:/opt/ros/jazzy/opt/gz_ogre_next_vendor:/opt/ros/jazzy/opt/gz_dartsim_vendor:/opt/ros/jazzy/opt/gz_cmake_vendor:/opt/ros/jazzy DEBUGINFOD_URLS=https://debuginfod.ubuntu.com /usr/bin/cmake --install /home/minhquang/ros2_panda/build/panda_moveit
[2.249s] Level 1:colcon.colcon_core.environment:create_environment_scripts_only(panda_moveit)
[2.249s] Level 1:colcon.colcon_core.environment:checking '/home/minhquang/ros2_panda/install/panda_moveit' for CMake module files
[2.250s] DEBUG:colcon.colcon_core.event_handler.log_command:Invoked command in '/home/minhquang/ros2_panda/build/panda_moveit' returned '0': AMENT_PREFIX_PATH=/home/minhquang/ros2_panda/install/panda_description:${AMENT_PREFIX_PATH} CMAKE_PREFIX_PATH=/home/minhquang/ros2_panda/install/panda_description:/opt/ros/jazzy/opt/gz_sim_vendor:/opt/ros/jazzy/opt/gz_sensors_vendor:/opt/ros/jazzy/opt/gz_physics_vendor:/opt/ros/jazzy/opt/sdformat_vendor:/opt/ros/jazzy/opt/gz_gui_vendor:/opt/ros/jazzy/opt/gz_transport_vendor:/opt/ros/jazzy/opt/gz_rendering_vendor:/opt/ros/jazzy/opt/gz_plugin_vendor:/opt/ros/jazzy/opt/gz_fuel_tools_vendor:/opt/ros/jazzy/opt/gz_msgs_vendor:/opt/ros/jazzy/opt/gz_common_vendor:/opt/ros/jazzy/opt/gz_math_vendor:/opt/ros/jazzy/opt/gz_utils_vendor:/opt/ros/jazzy/opt/gz_tools_vendor:/opt/ros/jazzy/opt/gz_ogre_next_vendor:/opt/ros/jazzy/opt/gz_dartsim_vendor:/opt/ros/jazzy/opt/gz_cmake_vendor:/opt/ros/jazzy DEBUGINFOD_URLS=https://debuginfod.ubuntu.com /usr/bin/cmake --install /home/minhquang/ros2_panda/build/panda_moveit
[2.250s] Level 1:colcon.colcon_core.environment:checking '/home/minhquang/ros2_panda/install/panda_moveit' for CMake config files
[2.250s] Level 1:colcon.colcon_core.shell:create_environment_hook('panda_moveit', 'cmake_prefix_path')
[2.250s] INFO:colcon.colcon_core.shell:Creating environment hook '/home/minhquang/ros2_panda/install/panda_moveit/share/panda_moveit/hook/cmake_prefix_path.ps1'
[2.251s] INFO:colcon.colcon_core.shell:Creating environment descriptor '/home/minhquang/ros2_panda/install/panda_moveit/share/panda_moveit/hook/cmake_prefix_path.dsv'
[2.251s] INFO:colcon.colcon_core.shell:Creating environment hook '/home/minhquang/ros2_panda/install/panda_moveit/share/panda_moveit/hook/cmake_prefix_path.sh'
[2.251s] Level 1:colcon.colcon_core.environment:checking '/home/minhquang/ros2_panda/install/panda_moveit/bin'
[2.251s] Level 1:colcon.colcon_core.environment:checking '/home/minhquang/ros2_panda/install/panda_moveit/lib/pkgconfig/panda_moveit.pc'
[2.252s] Level 1:colcon.colcon_core.environment:checking '/home/minhquang/ros2_panda/install/panda_moveit/lib/python3.12/site-packages'
[2.252s] Level 1:colcon.colcon_core.environment:checking '/home/minhquang/ros2_panda/install/panda_moveit/bin'
[2.252s] INFO:colcon.colcon_core.shell:Creating package script '/home/minhquang/ros2_panda/install/panda_moveit/share/panda_moveit/package.ps1'
[2.253s] INFO:colcon.colcon_core.shell:Creating package descriptor '/home/minhquang/ros2_panda/install/panda_moveit/share/panda_moveit/package.dsv'
[2.253s] INFO:colcon.colcon_core.shell:Creating package script '/home/minhquang/ros2_panda/install/panda_moveit/share/panda_moveit/package.sh'
[2.253s] INFO:colcon.colcon_core.shell:Creating package script '/home/minhquang/ros2_panda/install/panda_moveit/share/panda_moveit/package.bash'
[2.254s] INFO:colcon.colcon_core.shell:Creating package script '/home/minhquang/ros2_panda/install/panda_moveit/share/panda_moveit/package.zsh'
[2.254s] Level 1:colcon.colcon_core.environment:create_file_with_runtime_dependencies(/home/minhquang/ros2_panda/install/panda_moveit/share/colcon-core/packages/panda_moveit)
[2.254s] Level 1:colcon.colcon_core.environment:create_environment_scripts_only(panda_moveit)
[2.254s] Level 1:colcon.colcon_core.environment:checking '/home/minhquang/ros2_panda/install/panda_moveit' for CMake module files
[2.255s] Level 1:colcon.colcon_core.environment:checking '/home/minhquang/ros2_panda/install/panda_moveit' for CMake config files
[2.255s] Level 1:colcon.colcon_core.shell:create_environment_hook('panda_moveit', 'cmake_prefix_path')
[2.255s] INFO:colcon.colcon_core.shell:Creating environment hook '/home/minhquang/ros2_panda/install/panda_moveit/share/panda_moveit/hook/cmake_prefix_path.ps1'
[2.255s] INFO:colcon.colcon_core.shell:Creating environment descriptor '/home/minhquang/ros2_panda/install/panda_moveit/share/panda_moveit/hook/cmake_prefix_path.dsv'
[2.256s] INFO:colcon.colcon_core.shell:Creating environment hook '/home/minhquang/ros2_panda/install/panda_moveit/share/panda_moveit/hook/cmake_prefix_path.sh'
[2.256s] Level 1:colcon.colcon_core.environment:checking '/home/minhquang/ros2_panda/install/panda_moveit/bin'
[2.256s] Level 1:colcon.colcon_core.environment:checking '/home/minhquang/ros2_panda/install/panda_moveit/lib/pkgconfig/panda_moveit.pc'
[2.257s] Level 1:colcon.colcon_core.environment:checking '/home/minhquang/ros2_panda/install/panda_moveit/lib/python3.12/site-packages'
[2.257s] Level 1:colcon.colcon_core.environment:checking '/home/minhquang/ros2_panda/install/panda_moveit/bin'
[2.257s] INFO:colcon.colcon_core.shell:Creating package script '/home/minhquang/ros2_panda/install/panda_moveit/share/panda_moveit/package.ps1'
[2.257s] INFO:colcon.colcon_core.shell:Creating package descriptor '/home/minhquang/ros2_panda/install/panda_moveit/share/panda_moveit/package.dsv'
[2.258s] INFO:colcon.colcon_core.shell:Creating package script '/home/minhquang/ros2_panda/install/panda_moveit/share/panda_moveit/package.sh'
[2.259s] INFO:colcon.colcon_core.shell:Creating package script '/home/minhquang/ros2_panda/install/panda_moveit/share/panda_moveit/package.bash'
[2.259s] INFO:colcon.colcon_core.shell:Creating package script '/home/minhquang/ros2_panda/install/panda_moveit/share/panda_moveit/package.zsh'
[2.259s] Level 1:colcon.colcon_core.environment:create_file_with_runtime_dependencies(/home/minhquang/ros2_panda/install/panda_moveit/share/colcon-core/packages/panda_moveit)
[3.150s] DEBUG:colcon.colcon_core.event_handler.log_command:Invoked command in '/home/minhquang/ros2_panda/build/panda_controller' returned '1': AMENT_PREFIX_PATH=/home/minhquang/ros2_panda/install/panda_description:${AMENT_PREFIX_PATH} CMAKE_PREFIX_PATH=/home/minhquang/ros2_panda/install/panda_description:/opt/ros/jazzy/opt/gz_sim_vendor:/opt/ros/jazzy/opt/gz_sensors_vendor:/opt/ros/jazzy/opt/gz_physics_vendor:/opt/ros/jazzy/opt/sdformat_vendor:/opt/ros/jazzy/opt/gz_gui_vendor:/opt/ros/jazzy/opt/gz_transport_vendor:/opt/ros/jazzy/opt/gz_rendering_vendor:/opt/ros/jazzy/opt/gz_plugin_vendor:/opt/ros/jazzy/opt/gz_fuel_tools_vendor:/opt/ros/jazzy/opt/gz_msgs_vendor:/opt/ros/jazzy/opt/gz_common_vendor:/opt/ros/jazzy/opt/gz_math_vendor:/opt/ros/jazzy/opt/gz_utils_vendor:/opt/ros/jazzy/opt/gz_tools_vendor:/opt/ros/jazzy/opt/gz_ogre_next_vendor:/opt/ros/jazzy/opt/gz_dartsim_vendor:/opt/ros/jazzy/opt/gz_cmake_vendor:/opt/ros/jazzy DEBUGINFOD_URLS=https://debuginfod.ubuntu.com /usr/bin/cmake /home/minhquang/ros2_panda/src/panda_controller -DCMAKE_INSTALL_PREFIX=/home/minhquang/ros2_panda/install/panda_controller
[3.162s] Level 1:colcon.colcon_core.environment:create_environment_scripts_only(panda_controller)
[3.162s] Level 1:colcon.colcon_core.environment:checking '/home/minhquang/ros2_panda/install/panda_controller' for CMake module files
[3.163s] Level 1:colcon.colcon_core.environment:checking '/home/minhquang/ros2_panda/install/panda_controller' for CMake config files
[3.163s] Level 1:colcon.colcon_core.environment:checking '/home/minhquang/ros2_panda/install/panda_controller/bin'
[3.163s] Level 1:colcon.colcon_core.environment:checking '/home/minhquang/ros2_panda/install/panda_controller/lib/pkgconfig/panda_controller.pc'
[3.163s] Level 1:colcon.colcon_core.environment:checking '/home/minhquang/ros2_panda/install/panda_controller/lib/python3.12/site-packages'
[3.163s] Level 1:colcon.colcon_core.environment:checking '/home/minhquang/ros2_panda/install/panda_controller/bin'
[3.164s] INFO:colcon.colcon_core.shell:Creating package script '/home/minhquang/ros2_panda/install/panda_controller/share/panda_controller/package.ps1'
[3.164s] INFO:colcon.colcon_core.shell:Creating package descriptor '/home/minhquang/ros2_panda/install/panda_controller/share/panda_controller/package.dsv'
[3.164s] INFO:colcon.colcon_core.shell:Creating package script '/home/minhquang/ros2_panda/install/panda_controller/share/panda_controller/package.sh'
[3.165s] INFO:colcon.colcon_core.shell:Creating package script '/home/minhquang/ros2_panda/install/panda_controller/share/panda_controller/package.bash'
[3.165s] INFO:colcon.colcon_core.shell:Creating package script '/home/minhquang/ros2_panda/install/panda_controller/share/panda_controller/package.zsh'
[3.165s] Level 1:colcon.colcon_core.environment:create_file_with_runtime_dependencies(/home/minhquang/ros2_panda/install/panda_controller/share/colcon-core/packages/panda_controller)
[3.176s] DEBUG:colcon.colcon_parallel_executor.executor.parallel:closing loop
[3.176s] DEBUG:colcon.colcon_parallel_executor.executor.parallel:loop closed
[3.176s] DEBUG:colcon.colcon_parallel_executor.executor.parallel:run_until_complete finished with '1'
[3.176s] DEBUG:colcon.colcon_core.event_reactor:joining thread
[3.182s] INFO:colcon.colcon_core.plugin_system:Skipping extension 'colcon_notification.desktop_notification.terminal_notifier': Not used on non-Darwin systems
[3.182s] INFO:colcon.colcon_core.plugin_system:Skipping extension 'colcon_notification.desktop_notification.win32': Not used on non-Windows systems
[3.182s] INFO:colcon.colcon_notification.desktop_notification:Sending desktop notification using 'notify2'
[3.195s] DEBUG:colcon.colcon_core.event_reactor:joined thread
[3.196s] INFO:colcon.colcon_core.shell:Creating prefix script '/home/minhquang/ros2_panda/install/local_setup.ps1'
[3.196s] INFO:colcon.colcon_core.shell:Creating prefix util module '/home/minhquang/ros2_panda/install/_local_setup_util_ps1.py'
[3.197s] INFO:colcon.colcon_core.shell:Creating prefix chain script '/home/minhquang/ros2_panda/install/setup.ps1'
[3.198s] INFO:colcon.colcon_core.shell:Creating prefix script '/home/minhquang/ros2_panda/install/local_setup.sh'
[3.198s] INFO:colcon.colcon_core.shell:Creating prefix util module '/home/minhquang/ros2_panda/install/_local_setup_util_sh.py'
[3.199s] INFO:colcon.colcon_core.shell:Creating prefix chain script '/home/minhquang/ros2_panda/install/setup.sh'
[3.200s] INFO:colcon.colcon_core.shell:Creating prefix script '/home/minhquang/ros2_panda/install/local_setup.bash'
[3.200s] INFO:colcon.colcon_core.shell:Creating prefix chain script '/home/minhquang/ros2_panda/install/setup.bash'
[3.201s] INFO:colcon.colcon_core.shell:Creating prefix script '/home/minhquang/ros2_panda/install/local_setup.zsh'
[3.201s] INFO:colcon.colcon_core.shell:Creating prefix chain script '/home/minhquang/ros2_panda/install/setup.zsh'
